[2022-01-30 07:10:05.108] [exthost] [info] Extension host with pid 127 started
[2022-01-30 07:10:05.475] [exthost] [info] ExtensionService#_doActivateExtension ms-vscode.cpptools, startup: false, activationEvent: 'onLanguage:c'
[2022-01-30 07:10:06.151] [exthost] [info] ExtensionService#_doActivateExtension vadimcn.vscode-lldb, startup: false, activationEvent: 'onLanguage:c', root cause: franneck94.c-cpp-runner
[2022-01-30 07:10:06.274] [exthost] [info] ExtensionService#_doActivateExtension vscode.debug-auto-launch, startup: true, activationEvent: '*'
[2022-01-30 07:10:06.296] [exthost] [info] ExtensionService#_doActivateExtension vscode.git-base, startup: true, activationEvent: '*', root cause: vscode.github
[2022-01-30 07:10:07.622] [exthost] [info] ExtensionService#_doActivateExtension vscode.git, startup: true, activationEvent: '*'
[2022-01-30 07:10:07.924] [exthost] [info] ExtensionService#_doActivateExtension vscode.github, startup: true, activationEvent: '*'
[2022-01-30 07:10:08.316] [exthost] [info] ExtensionService#_doActivateExtension vscode.emmet, startup: false, activationEvent: 'onStartupFinished'
[2022-01-30 07:10:08.416] [exthost] [info] ExtensionService#_doActivateExtension vscode.merge-conflict, startup: false, activationEvent: 'onStartupFinished'
[2022-01-30 07:10:08.439] [exthost] [info] Eager extensions activated
[2022-01-30 07:10:09.344] [exthost] [info] ExtensionService#_doActivateExtension franneck94.c-cpp-runner, startup: false, activationEvent: 'onLanguage:c'
[2022-01-30 07:10:10.475] [exthost] [warning] [Decorations] CAPPING events from decorations provider vscode.git 483
[2022-01-30 07:10:12.080] [exthost] [info] ExtensionService#_doActivateExtension vscode.configuration-editing, startup: false, activationEvent: 'onLanguage:jsonc'
[2022-01-30 07:10:12.106] [exthost] [info] ExtensionService#_doActivateExtension vscode.json-language-features, startup: false, activationEvent: 'onLanguage:jsonc'
[2022-01-30 07:10:12.284] [exthost] [info] ExtensionService#_doActivateExtension vscode.typescript-language-features, startup: false, activationEvent: 'onLanguage:jsonc'
[2022-01-30 07:10:45.675] [exthost] [warning] [Decorations] CAPPING events from decorations provider vscode.git 484
[2022-01-30 07:11:05.102] [exthost] [warning] [Decorations] CAPPING events from decorations provider vscode.git 484
[2022-01-30 07:43:59.049] [exthost] [info] ExtensionService#_doActivateExtension vscode.debug-server-ready, startup: false, activationEvent: 'onDebugResolve'
[2022-01-30 07:43:59.064] [exthost] [info] ExtensionService#_doActivateExtension ms-vscode.js-debug, startup: false, activationEvent: 'onDebugResolve:pwa-node'
[2022-01-30 20:37:59.878] [exthost] [info] ExtensionService#_doActivateExtension vscode.html-language-features, startup: false, activationEvent: 'onLanguage:html'
[2022-01-30 20:41:15.668] [exthost] [info] ExtensionService#_doActivateExtension ritwickdey.LiveServer, startup: false, activationEvent: 'onLanguage:html'
[2022-01-30 20:45:08.236] [exthost] [info] extension host terminating: received terminate message from renderer
[2022-01-30 20:45:08.638] [exthost] [info] Extension host with pid 127 exiting with code 0
