[2022-01-30 20:49:01.427] [exthost] [info] Extension host with pid 6929 started
[2022-01-30 20:49:01.471] [exthost] [info] Lock '/home/sangay/.vscode-server/data/User/workspaceStorage/eda7258b7382c7afca051e01b313adb4/vscode.lock': Lock acquired.
[2022-01-30 20:49:01.614] [exthost] [info] ExtensionService#_doActivateExtension vscode.html-language-features, startup: false, activationEvent: 'onLanguage:html'
[2022-01-30 20:49:01.779] [exthost] [info] ExtensionService#_doActivateExtension vscode.debug-auto-launch, startup: true, activationEvent: '*'
[2022-01-30 20:49:01.788] [exthost] [info] ExtensionService#_doActivateExtension vscode.git-base, startup: true, activationEvent: '*', root cause: vscode.github
[2022-01-30 20:49:02.227] [exthost] [info] ExtensionService#_doActivateExtension vscode.github, startup: true, activationEvent: '*'
[2022-01-30 20:49:02.253] [exthost] [info] ExtensionService#_doActivateExtension vscode.emmet, startup: false, activationEvent: 'onStartupFinished'
[2022-01-30 20:49:02.276] [exthost] [info] ExtensionService#_doActivateExtension vscode.merge-conflict, startup: false, activationEvent: 'onStartupFinished'
[2022-01-30 20:49:02.285] [exthost] [info] Eager extensions activated
[2022-01-30 20:49:43.863] [exthost] [info] ExtensionService#_doActivateExtension vscode.typescript-language-features, startup: false, activationEvent: 'onLanguage:javascript'
[2022-01-30 20:49:59.377] [exthost] [info] ExtensionService#_doActivateExtension vscode.git, startup: false, activationEvent: 'api', root cause: vscode.github
[2022-01-30 20:49:59.475] [exthost] [info] ExtensionService#_doActivateExtension ms-vscode.cpptools, startup: false, activationEvent: 'onLanguage:c', root cause: franneck94.c-cpp-runner
[2022-01-30 20:49:59.633] [exthost] [info] ExtensionService#_doActivateExtension vadimcn.vscode-lldb, startup: false, activationEvent: 'onLanguage:c', root cause: franneck94.c-cpp-runner
[2022-01-30 20:49:59.652] [exthost] [info] ExtensionService#_doActivateExtension ritwickdey.LiveServer, startup: false, activationEvent: 'onLanguage:html'
[2022-01-30 20:50:00.174] [exthost] [info] ExtensionService#_doActivateExtension franneck94.c-cpp-runner, startup: false, activationEvent: 'onLanguage:c'
[2022-01-30 20:50:00.703] [exthost] [warning] [Decorations] CAPPING events from decorations provider vscode.git 1235
[2022-01-30 20:50:03.388] [exthost] [warning] [Decorations] CAPPING events from decorations provider vscode.git 1235
[2022-01-30 20:50:08.636] [exthost] [warning] [Decorations] CAPPING events from decorations provider vscode.git 1240
[2022-01-30 20:50:13.769] [exthost] [warning] [Decorations] CAPPING events from decorations provider vscode.git 1243
[2022-01-30 20:50:20.654] [exthost] [warning] [Decorations] CAPPING events from decorations provider vscode.git 1243
[2022-01-30 20:50:26.026] [exthost] [warning] [Decorations] CAPPING events from decorations provider vscode.git 1243
[2022-01-30 20:52:12.818] [exthost] [warning] [Decorations] CAPPING events from decorations provider vscode.git 1243
[2022-01-30 20:52:17.988] [exthost] [warning] [Decorations] CAPPING events from decorations provider vscode.git 1243
[2022-01-30 20:52:23.265] [exthost] [warning] [Decorations] CAPPING events from decorations provider vscode.git 1243
[2022-01-30 20:52:28.433] [exthost] [warning] [Decorations] CAPPING events from decorations provider vscode.git 1243
[2022-01-30 20:52:33.581] [exthost] [warning] [Decorations] CAPPING events from decorations provider vscode.git 1243
[2022-01-30 20:52:38.699] [exthost] [warning] [Decorations] CAPPING events from decorations provider vscode.git 1243
[2022-01-30 20:52:43.830] [exthost] [warning] [Decorations] CAPPING events from decorations provider vscode.git 1243
[2022-01-30 20:52:48.949] [exthost] [warning] [Decorations] CAPPING events from decorations provider vscode.git 1243
[2022-01-30 20:52:54.036] [exthost] [warning] [Decorations] CAPPING events from decorations provider vscode.git 1243
[2022-01-30 20:52:59.174] [exthost] [warning] [Decorations] CAPPING events from decorations provider vscode.git 1243
[2022-01-30 20:53:04.305] [exthost] [warning] [Decorations] CAPPING events from decorations provider vscode.git 1243
[2022-01-30 20:53:10.005] [exthost] [warning] [Decorations] CAPPING events from decorations provider vscode.git 1243
[2022-01-30 20:53:15.130] [exthost] [warning] [Decorations] CAPPING events from decorations provider vscode.git 1243
[2022-01-30 20:53:20.254] [exthost] [warning] [Decorations] CAPPING events from decorations provider vscode.git 1243
[2022-01-30 20:53:25.366] [exthost] [warning] [Decorations] CAPPING events from decorations provider vscode.git 1243
[2022-01-30 20:53:30.575] [exthost] [warning] [Decorations] CAPPING events from decorations provider vscode.git 1243
[2022-01-30 20:53:43.432] [exthost] [warning] [Decorations] CAPPING events from decorations provider vscode.git 1243
[2022-01-30 20:53:48.559] [exthost] [warning] [Decorations] CAPPING events from decorations provider vscode.git 1243
[2022-01-30 20:53:53.697] [exthost] [warning] [Decorations] CAPPING events from decorations provider vscode.git 1243
[2022-01-30 20:53:58.835] [exthost] [warning] [Decorations] CAPPING events from decorations provider vscode.git 1243
[2022-01-30 20:54:03.986] [exthost] [warning] [Decorations] CAPPING events from decorations provider vscode.git 1243
[2022-01-30 20:54:09.117] [exthost] [warning] [Decorations] CAPPING events from decorations provider vscode.git 1243
[2022-01-30 20:54:14.223] [exthost] [warning] [Decorations] CAPPING events from decorations provider vscode.git 1243
[2022-01-30 20:54:19.359] [exthost] [warning] [Decorations] CAPPING events from decorations provider vscode.git 1243
[2022-01-30 20:54:24.491] [exthost] [warning] [Decorations] CAPPING events from decorations provider vscode.git 1243
[2022-01-30 20:54:29.633] [exthost] [warning] [Decorations] CAPPING events from decorations provider vscode.git 1243
[2022-01-30 20:54:34.824] [exthost] [warning] [Decorations] CAPPING events from decorations provider vscode.git 1243
[2022-01-30 20:54:39.975] [exthost] [warning] [Decorations] CAPPING events from decorations provider vscode.git 1243
[2022-01-30 20:54:45.113] [exthost] [warning] [Decorations] CAPPING events from decorations provider vscode.git 1243
[2022-01-30 20:54:50.247] [exthost] [warning] [Decorations] CAPPING events from decorations provider vscode.git 1243
[2022-01-30 20:54:55.375] [exthost] [warning] [Decorations] CAPPING events from decorations provider vscode.git 1243
[2022-01-30 20:55:00.517] [exthost] [warning] [Decorations] CAPPING events from decorations provider vscode.git 1243
[2022-01-30 20:55:05.595] [exthost] [warning] [Decorations] CAPPING events from decorations provider vscode.git 1243
[2022-01-30 20:55:10.709] [exthost] [warning] [Decorations] CAPPING events from decorations provider vscode.git 1243
[2022-01-30 20:55:15.805] [exthost] [warning] [Decorations] CAPPING events from decorations provider vscode.git 1243
[2022-01-30 20:55:20.943] [exthost] [warning] [Decorations] CAPPING events from decorations provider vscode.git 1243
[2022-01-30 20:55:26.088] [exthost] [warning] [Decorations] CAPPING events from decorations provider vscode.git 1243
[2022-01-30 20:55:31.202] [exthost] [warning] [Decorations] CAPPING events from decorations provider vscode.git 1243
[2022-01-30 20:55:36.341] [exthost] [warning] [Decorations] CAPPING events from decorations provider vscode.git 1243
[2022-01-30 20:55:41.472] [exthost] [warning] [Decorations] CAPPING events from decorations provider vscode.git 1243
[2022-01-30 20:55:46.597] [exthost] [warning] [Decorations] CAPPING events from decorations provider vscode.git 1243
[2022-01-30 20:55:51.723] [exthost] [warning] [Decorations] CAPPING events from decorations provider vscode.git 1243
[2022-01-30 20:55:56.932] [exthost] [warning] [Decorations] CAPPING events from decorations provider vscode.git 1243
[2022-01-30 20:56:02.065] [exthost] [warning] [Decorations] CAPPING events from decorations provider vscode.git 1243
[2022-01-30 20:56:07.185] [exthost] [warning] [Decorations] CAPPING events from decorations provider vscode.git 1243
[2022-01-30 20:56:12.327] [exthost] [warning] [Decorations] CAPPING events from decorations provider vscode.git 1243
[2022-01-30 20:56:17.453] [exthost] [warning] [Decorations] CAPPING events from decorations provider vscode.git 1243
[2022-01-30 20:56:22.546] [exthost] [warning] [Decorations] CAPPING events from decorations provider vscode.git 1243
[2022-01-30 20:56:27.657] [exthost] [warning] [Decorations] CAPPING events from decorations provider vscode.git 1243
[2022-01-30 20:56:32.787] [exthost] [warning] [Decorations] CAPPING events from decorations provider vscode.git 1243
[2022-01-30 20:56:37.914] [exthost] [warning] [Decorations] CAPPING events from decorations provider vscode.git 1243
[2022-01-30 20:56:43.012] [exthost] [warning] [Decorations] CAPPING events from decorations provider vscode.git 1243
[2022-01-30 21:00:26.795] [exthost] [warning] [Decorations] CAPPING events from decorations provider vscode.git 1243
[2022-01-30 21:00:31.902] [exthost] [warning] [Decorations] CAPPING events from decorations provider vscode.git 1243
[2022-01-30 21:00:37.030] [exthost] [warning] [Decorations] CAPPING events from decorations provider vscode.git 1243
[2022-01-30 21:00:42.157] [exthost] [warning] [Decorations] CAPPING events from decorations provider vscode.git 1243
[2022-01-30 21:00:47.296] [exthost] [warning] [Decorations] CAPPING events from decorations provider vscode.git 1243
[2022-01-30 21:00:52.408] [exthost] [warning] [Decorations] CAPPING events from decorations provider vscode.git 1243
[2022-01-30 21:00:57.520] [exthost] [warning] [Decorations] CAPPING events from decorations provider vscode.git 1243
[2022-01-30 21:01:03.944] [exthost] [warning] [Decorations] CAPPING events from decorations provider vscode.git 1243
[2022-01-31 04:58:09.163] [exthost] [warning] [Decorations] CAPPING events from decorations provider vscode.git 1243
[2022-01-31 04:58:14.364] [exthost] [warning] [Decorations] CAPPING events from decorations provider vscode.git 1243
[2022-01-31 04:58:41.009] [exthost] [warning] [Decorations] CAPPING events from decorations provider vscode.git 1243
[2022-01-31 04:58:46.127] [exthost] [warning] [Decorations] CAPPING events from decorations provider vscode.git 1243
[2022-01-31 04:58:51.467] [exthost] [warning] [Decorations] CAPPING events from decorations provider vscode.git 1243
[2022-01-31 04:58:56.567] [exthost] [warning] [Decorations] CAPPING events from decorations provider vscode.git 1243
[2022-01-31 05:01:01.252] [exthost] [warning] [Decorations] CAPPING events from decorations provider vscode.git 1243
[2022-01-31 05:01:06.381] [exthost] [warning] [Decorations] CAPPING events from decorations provider vscode.git 1243
[2022-01-31 05:01:11.509] [exthost] [warning] [Decorations] CAPPING events from decorations provider vscode.git 1243
[2022-01-31 05:01:16.651] [exthost] [warning] [Decorations] CAPPING events from decorations provider vscode.git 1243
[2022-01-31 05:01:21.782] [exthost] [warning] [Decorations] CAPPING events from decorations provider vscode.git 1243
[2022-01-31 05:01:26.919] [exthost] [warning] [Decorations] CAPPING events from decorations provider vscode.git 1243
[2022-01-31 05:01:32.069] [exthost] [warning] [Decorations] CAPPING events from decorations provider vscode.git 1243
[2022-01-31 05:01:37.214] [exthost] [warning] [Decorations] CAPPING events from decorations provider vscode.git 1243
[2022-01-31 05:01:42.347] [exthost] [warning] [Decorations] CAPPING events from decorations provider vscode.git 1243
[2022-01-31 05:01:47.479] [exthost] [warning] [Decorations] CAPPING events from decorations provider vscode.git 1243
[2022-01-31 05:01:52.600] [exthost] [warning] [Decorations] CAPPING events from decorations provider vscode.git 1243
[2022-01-31 05:01:57.730] [exthost] [warning] [Decorations] CAPPING events from decorations provider vscode.git 1243
[2022-01-31 05:02:02.881] [exthost] [warning] [Decorations] CAPPING events from decorations provider vscode.git 1243
[2022-01-31 05:02:08.025] [exthost] [warning] [Decorations] CAPPING events from decorations provider vscode.git 1243
[2022-01-31 05:02:13.155] [exthost] [warning] [Decorations] CAPPING events from decorations provider vscode.git 1243
[2022-01-31 05:02:18.289] [exthost] [warning] [Decorations] CAPPING events from decorations provider vscode.git 1243
[2022-01-31 05:02:23.434] [exthost] [warning] [Decorations] CAPPING events from decorations provider vscode.git 1243
[2022-01-31 05:02:28.552] [exthost] [warning] [Decorations] CAPPING events from decorations provider vscode.git 1243
[2022-01-31 05:02:33.691] [exthost] [warning] [Decorations] CAPPING events from decorations provider vscode.git 1243
[2022-01-31 05:02:38.830] [exthost] [warning] [Decorations] CAPPING events from decorations provider vscode.git 1243
[2022-01-31 05:02:43.993] [exthost] [warning] [Decorations] CAPPING events from decorations provider vscode.git 1243
[2022-01-31 05:02:57.048] [exthost] [warning] [Decorations] CAPPING events from decorations provider vscode.git 1243
[2022-01-31 05:03:02.154] [exthost] [warning] [Decorations] CAPPING events from decorations provider vscode.git 1243
[2022-01-31 05:03:07.267] [exthost] [warning] [Decorations] CAPPING events from decorations provider vscode.git 1243
[2022-01-31 05:03:12.358] [exthost] [warning] [Decorations] CAPPING events from decorations provider vscode.git 1243
[2022-01-31 05:03:46.318] [exthost] [warning] [Decorations] CAPPING events from decorations provider vscode.git 1243
[2022-01-31 05:03:51.422] [exthost] [warning] [Decorations] CAPPING events from decorations provider vscode.git 1243
[2022-01-31 05:04:44.963] [exthost] [warning] [Decorations] CAPPING events from decorations provider vscode.git 1243
[2022-01-31 05:04:50.204] [exthost] [warning] [Decorations] CAPPING events from decorations provider vscode.git 1243
[2022-01-31 05:04:55.326] [exthost] [warning] [Decorations] CAPPING events from decorations provider vscode.git 1243
[2022-01-31 05:05:00.457] [exthost] [warning] [Decorations] CAPPING events from decorations provider vscode.git 1243
[2022-01-31 05:05:05.631] [exthost] [warning] [Decorations] CAPPING events from decorations provider vscode.git 1243
[2022-01-31 05:05:10.950] [exthost] [warning] [Decorations] CAPPING events from decorations provider vscode.git 1243
[2022-01-31 05:05:16.077] [exthost] [warning] [Decorations] CAPPING events from decorations provider vscode.git 1243
[2022-01-31 05:05:51.763] [exthost] [warning] [Decorations] CAPPING events from decorations provider vscode.git 1243
[2022-01-31 05:05:56.976] [exthost] [warning] [Decorations] CAPPING events from decorations provider vscode.git 1243
[2022-01-31 05:06:02.095] [exthost] [warning] [Decorations] CAPPING events from decorations provider vscode.git 1243
[2022-01-31 05:06:07.435] [exthost] [warning] [Decorations] CAPPING events from decorations provider vscode.git 1243
[2022-01-31 05:06:12.766] [exthost] [warning] [Decorations] CAPPING events from decorations provider vscode.git 1243
[2022-01-31 05:06:17.925] [exthost] [warning] [Decorations] CAPPING events from decorations provider vscode.git 1243
[2022-01-31 05:06:23.086] [exthost] [warning] [Decorations] CAPPING events from decorations provider vscode.git 1243
[2022-01-31 05:06:28.393] [exthost] [warning] [Decorations] CAPPING events from decorations provider vscode.git 1243
[2022-01-31 05:06:34.042] [exthost] [warning] [Decorations] CAPPING events from decorations provider vscode.git 1243
[2022-01-31 05:06:39.378] [exthost] [warning] [Decorations] CAPPING events from decorations provider vscode.git 1243
[2022-01-31 05:06:44.718] [exthost] [warning] [Decorations] CAPPING events from decorations provider vscode.git 1243
[2022-01-31 05:06:49.906] [exthost] [warning] [Decorations] CAPPING events from decorations provider vscode.git 1243
[2022-01-31 05:06:55.050] [exthost] [warning] [Decorations] CAPPING events from decorations provider vscode.git 1243
[2022-01-31 05:07:00.255] [exthost] [warning] [Decorations] CAPPING events from decorations provider vscode.git 1243
[2022-01-31 05:07:05.407] [exthost] [warning] [Decorations] CAPPING events from decorations provider vscode.git 1243
[2022-01-31 05:07:10.715] [exthost] [warning] [Decorations] CAPPING events from decorations provider vscode.git 1243
[2022-01-31 05:07:15.997] [exthost] [warning] [Decorations] CAPPING events from decorations provider vscode.git 1243
[2022-01-31 05:07:21.269] [exthost] [warning] [Decorations] CAPPING events from decorations provider vscode.git 1243
[2022-01-31 05:07:26.527] [exthost] [warning] [Decorations] CAPPING events from decorations provider vscode.git 1243
[2022-01-31 05:07:31.752] [exthost] [warning] [Decorations] CAPPING events from decorations provider vscode.git 1243
[2022-01-31 05:07:37.053] [exthost] [warning] [Decorations] CAPPING events from decorations provider vscode.git 1243
[2022-01-31 05:07:42.280] [exthost] [warning] [Decorations] CAPPING events from decorations provider vscode.git 1243
[2022-01-31 05:07:47.451] [exthost] [warning] [Decorations] CAPPING events from decorations provider vscode.git 1243
[2022-01-31 05:07:52.758] [exthost] [warning] [Decorations] CAPPING events from decorations provider vscode.git 1243
[2022-01-31 05:07:58.059] [exthost] [warning] [Decorations] CAPPING events from decorations provider vscode.git 1243
[2022-01-31 05:08:03.294] [exthost] [warning] [Decorations] CAPPING events from decorations provider vscode.git 1243
[2022-01-31 05:08:08.500] [exthost] [warning] [Decorations] CAPPING events from decorations provider vscode.git 1243
[2022-01-31 05:08:13.659] [exthost] [warning] [Decorations] CAPPING events from decorations provider vscode.git 1243
[2022-01-31 05:08:18.751] [exthost] [warning] [Decorations] CAPPING events from decorations provider vscode.git 1243
[2022-01-31 05:08:24.046] [exthost] [warning] [Decorations] CAPPING events from decorations provider vscode.git 1243
[2022-01-31 05:08:30.835] [exthost] [warning] [Decorations] CAPPING events from decorations provider vscode.git 1243
[2022-01-31 05:08:36.042] [exthost] [warning] [Decorations] CAPPING events from decorations provider vscode.git 1243
[2022-01-31 05:08:41.130] [exthost] [warning] [Decorations] CAPPING events from decorations provider vscode.git 1243
[2022-01-31 05:08:46.363] [exthost] [warning] [Decorations] CAPPING events from decorations provider vscode.git 1243
[2022-01-31 05:08:51.501] [exthost] [warning] [Decorations] CAPPING events from decorations provider vscode.git 1243
[2022-01-31 05:08:56.599] [exthost] [warning] [Decorations] CAPPING events from decorations provider vscode.git 1243
[2022-01-31 05:09:01.739] [exthost] [warning] [Decorations] CAPPING events from decorations provider vscode.git 1243
[2022-01-31 05:09:06.899] [exthost] [warning] [Decorations] CAPPING events from decorations provider vscode.git 1243
[2022-01-31 05:09:12.047] [exthost] [warning] [Decorations] CAPPING events from decorations provider vscode.git 1243
[2022-01-31 05:09:17.292] [exthost] [warning] [Decorations] CAPPING events from decorations provider vscode.git 1243
[2022-01-31 05:09:22.609] [exthost] [warning] [Decorations] CAPPING events from decorations provider vscode.git 1243
[2022-01-31 05:11:27.776] [exthost] [warning] [Decorations] CAPPING events from decorations provider vscode.git 1243
[2022-01-31 05:11:32.922] [exthost] [warning] [Decorations] CAPPING events from decorations provider vscode.git 1243
[2022-01-31 05:11:38.017] [exthost] [warning] [Decorations] CAPPING events from decorations provider vscode.git 1243
[2022-01-31 05:11:43.213] [exthost] [warning] [Decorations] CAPPING events from decorations provider vscode.git 1243
[2022-01-31 05:11:48.363] [exthost] [warning] [Decorations] CAPPING events from decorations provider vscode.git 1243
[2022-01-31 05:11:53.533] [exthost] [warning] [Decorations] CAPPING events from decorations provider vscode.git 1243
[2022-01-31 05:11:58.686] [exthost] [warning] [Decorations] CAPPING events from decorations provider vscode.git 1243
[2022-01-31 05:12:03.939] [exthost] [warning] [Decorations] CAPPING events from decorations provider vscode.git 1243
[2022-01-31 05:12:09.095] [exthost] [warning] [Decorations] CAPPING events from decorations provider vscode.git 1243
[2022-01-31 05:12:14.271] [exthost] [warning] [Decorations] CAPPING events from decorations provider vscode.git 1243
[2022-01-31 05:12:19.390] [exthost] [warning] [Decorations] CAPPING events from decorations provider vscode.git 1243
[2022-01-31 05:12:24.599] [exthost] [warning] [Decorations] CAPPING events from decorations provider vscode.git 1243
[2022-01-31 05:12:29.889] [exthost] [warning] [Decorations] CAPPING events from decorations provider vscode.git 1243
[2022-01-31 05:12:35.275] [exthost] [warning] [Decorations] CAPPING events from decorations provider vscode.git 1243
[2022-01-31 05:12:40.441] [exthost] [warning] [Decorations] CAPPING events from decorations provider vscode.git 1243
[2022-01-31 05:12:45.570] [exthost] [warning] [Decorations] CAPPING events from decorations provider vscode.git 1243
[2022-01-31 05:12:50.734] [exthost] [warning] [Decorations] CAPPING events from decorations provider vscode.git 1243
[2022-01-31 05:12:56.086] [exthost] [warning] [Decorations] CAPPING events from decorations provider vscode.git 1243
[2022-01-31 05:13:01.261] [exthost] [warning] [Decorations] CAPPING events from decorations provider vscode.git 1243
[2022-01-31 05:13:06.416] [exthost] [warning] [Decorations] CAPPING events from decorations provider vscode.git 1243
[2022-01-31 05:13:11.652] [exthost] [warning] [Decorations] CAPPING events from decorations provider vscode.git 1243
[2022-01-31 05:13:16.813] [exthost] [warning] [Decorations] CAPPING events from decorations provider vscode.git 1243
[2022-01-31 05:13:21.996] [exthost] [warning] [Decorations] CAPPING events from decorations provider vscode.git 1243
[2022-01-31 05:13:27.190] [exthost] [warning] [Decorations] CAPPING events from decorations provider vscode.git 1243
[2022-01-31 05:13:32.354] [exthost] [warning] [Decorations] CAPPING events from decorations provider vscode.git 1243
[2022-01-31 05:13:37.614] [exthost] [warning] [Decorations] CAPPING events from decorations provider vscode.git 1243
[2022-01-31 05:13:42.788] [exthost] [warning] [Decorations] CAPPING events from decorations provider vscode.git 1243
[2022-01-31 05:13:48.086] [exthost] [warning] [Decorations] CAPPING events from decorations provider vscode.git 1243
[2022-01-31 05:13:53.269] [exthost] [warning] [Decorations] CAPPING events from decorations provider vscode.git 1243
[2022-01-31 05:13:58.399] [exthost] [warning] [Decorations] CAPPING events from decorations provider vscode.git 1243
[2022-01-31 05:14:03.522] [exthost] [warning] [Decorations] CAPPING events from decorations provider vscode.git 1243
[2022-01-31 05:14:08.829] [exthost] [warning] [Decorations] CAPPING events from decorations provider vscode.git 1243
[2022-01-31 05:14:14.121] [exthost] [warning] [Decorations] CAPPING events from decorations provider vscode.git 1243
[2022-01-31 05:14:19.298] [exthost] [warning] [Decorations] CAPPING events from decorations provider vscode.git 1243
[2022-01-31 05:14:24.600] [exthost] [warning] [Decorations] CAPPING events from decorations provider vscode.git 1243
[2022-01-31 05:14:29.823] [exthost] [warning] [Decorations] CAPPING events from decorations provider vscode.git 1243
[2022-01-31 05:14:34.988] [exthost] [warning] [Decorations] CAPPING events from decorations provider vscode.git 1243
[2022-01-31 05:14:40.287] [exthost] [warning] [Decorations] CAPPING events from decorations provider vscode.git 1243
[2022-01-31 05:14:45.488] [exthost] [warning] [Decorations] CAPPING events from decorations provider vscode.git 1243
[2022-01-31 05:14:50.675] [exthost] [warning] [Decorations] CAPPING events from decorations provider vscode.git 1243
[2022-01-31 05:14:55.891] [exthost] [warning] [Decorations] CAPPING events from decorations provider vscode.git 1243
[2022-01-31 05:15:01.037] [exthost] [warning] [Decorations] CAPPING events from decorations provider vscode.git 1243
[2022-01-31 05:15:06.179] [exthost] [warning] [Decorations] CAPPING events from decorations provider vscode.git 1243
[2022-01-31 05:15:11.480] [exthost] [warning] [Decorations] CAPPING events from decorations provider vscode.git 1243
[2022-01-31 05:15:16.711] [exthost] [warning] [Decorations] CAPPING events from decorations provider vscode.git 1243
[2022-01-31 05:15:21.819] [exthost] [warning] [Decorations] CAPPING events from decorations provider vscode.git 1243
[2022-01-31 05:15:26.988] [exthost] [warning] [Decorations] CAPPING events from decorations provider vscode.git 1243
[2022-01-31 05:15:33.725] [exthost] [warning] [Decorations] CAPPING events from decorations provider vscode.git 1243
[2022-01-31 05:15:38.842] [exthost] [warning] [Decorations] CAPPING events from decorations provider vscode.git 1243
[2022-01-31 05:15:58.740] [exthost] [warning] [Decorations] CAPPING events from decorations provider vscode.git 1243
[2022-01-31 05:16:03.831] [exthost] [warning] [Decorations] CAPPING events from decorations provider vscode.git 1243
[2022-01-31 05:16:43.026] [exthost] [warning] [Decorations] CAPPING events from decorations provider vscode.git 1243
[2022-01-31 05:16:48.358] [exthost] [warning] [Decorations] CAPPING events from decorations provider vscode.git 1243
[2022-01-31 05:16:53.537] [exthost] [warning] [Decorations] CAPPING events from decorations provider vscode.git 1243
[2022-01-31 05:16:58.643] [exthost] [warning] [Decorations] CAPPING events from decorations provider vscode.git 1243
[2022-01-31 05:17:03.788] [exthost] [warning] [Decorations] CAPPING events from decorations provider vscode.git 1243
[2022-01-31 05:17:08.922] [exthost] [warning] [Decorations] CAPPING events from decorations provider vscode.git 1243
[2022-01-31 05:17:14.074] [exthost] [warning] [Decorations] CAPPING events from decorations provider vscode.git 1243
[2022-01-31 05:17:19.173] [exthost] [warning] [Decorations] CAPPING events from decorations provider vscode.git 1243
[2022-01-31 05:17:24.358] [exthost] [warning] [Decorations] CAPPING events from decorations provider vscode.git 1243
[2022-01-31 05:17:29.480] [exthost] [warning] [Decorations] CAPPING events from decorations provider vscode.git 1243
[2022-01-31 05:17:34.572] [exthost] [warning] [Decorations] CAPPING events from decorations provider vscode.git 1243
[2022-01-31 05:17:39.728] [exthost] [warning] [Decorations] CAPPING events from decorations provider vscode.git 1243
[2022-01-31 05:17:44.836] [exthost] [warning] [Decorations] CAPPING events from decorations provider vscode.git 1243
[2022-01-31 05:17:49.982] [exthost] [warning] [Decorations] CAPPING events from decorations provider vscode.git 1243
[2022-01-31 05:17:55.115] [exthost] [warning] [Decorations] CAPPING events from decorations provider vscode.git 1243
[2022-01-31 05:18:00.236] [exthost] [warning] [Decorations] CAPPING events from decorations provider vscode.git 1243
[2022-01-31 05:18:05.392] [exthost] [warning] [Decorations] CAPPING events from decorations provider vscode.git 1243
[2022-01-31 05:18:10.537] [exthost] [warning] [Decorations] CAPPING events from decorations provider vscode.git 1243
[2022-01-31 05:18:15.678] [exthost] [warning] [Decorations] CAPPING events from decorations provider vscode.git 1243
[2022-01-31 05:18:20.830] [exthost] [warning] [Decorations] CAPPING events from decorations provider vscode.git 1243
[2022-01-31 05:18:25.977] [exthost] [warning] [Decorations] CAPPING events from decorations provider vscode.git 1243
[2022-01-31 05:18:31.117] [exthost] [warning] [Decorations] CAPPING events from decorations provider vscode.git 1243
[2022-01-31 05:18:36.255] [exthost] [warning] [Decorations] CAPPING events from decorations provider vscode.git 1243
[2022-01-31 05:18:41.354] [exthost] [warning] [Decorations] CAPPING events from decorations provider vscode.git 1243
[2022-01-31 05:18:46.488] [exthost] [warning] [Decorations] CAPPING events from decorations provider vscode.git 1243
[2022-01-31 05:18:51.630] [exthost] [warning] [Decorations] CAPPING events from decorations provider vscode.git 1243
[2022-01-31 05:18:56.780] [exthost] [warning] [Decorations] CAPPING events from decorations provider vscode.git 1243
[2022-01-31 05:19:01.927] [exthost] [warning] [Decorations] CAPPING events from decorations provider vscode.git 1243
[2022-01-31 05:19:07.051] [exthost] [warning] [Decorations] CAPPING events from decorations provider vscode.git 1243
[2022-01-31 05:19:12.209] [exthost] [warning] [Decorations] CAPPING events from decorations provider vscode.git 1243
[2022-01-31 05:19:17.345] [exthost] [warning] [Decorations] CAPPING events from decorations provider vscode.git 1243
[2022-01-31 05:19:22.521] [exthost] [warning] [Decorations] CAPPING events from decorations provider vscode.git 1243
[2022-01-31 05:19:27.720] [exthost] [warning] [Decorations] CAPPING events from decorations provider vscode.git 1243
[2022-01-31 05:19:32.925] [exthost] [warning] [Decorations] CAPPING events from decorations provider vscode.git 1243
[2022-01-31 05:19:38.084] [exthost] [warning] [Decorations] CAPPING events from decorations provider vscode.git 1243
[2022-01-31 05:19:43.195] [exthost] [warning] [Decorations] CAPPING events from decorations provider vscode.git 1243
[2022-01-31 05:19:48.316] [exthost] [warning] [Decorations] CAPPING events from decorations provider vscode.git 1243
[2022-01-31 05:19:53.441] [exthost] [warning] [Decorations] CAPPING events from decorations provider vscode.git 1243
[2022-01-31 05:19:58.698] [exthost] [warning] [Decorations] CAPPING events from decorations provider vscode.git 1243
[2022-01-31 05:20:03.818] [exthost] [warning] [Decorations] CAPPING events from decorations provider vscode.git 1243
[2022-01-31 05:20:08.959] [exthost] [warning] [Decorations] CAPPING events from decorations provider vscode.git 1243
[2022-01-31 05:20:14.153] [exthost] [warning] [Decorations] CAPPING events from decorations provider vscode.git 1243
[2022-01-31 05:20:19.304] [exthost] [warning] [Decorations] CAPPING events from decorations provider vscode.git 1243
[2022-01-31 05:20:24.447] [exthost] [warning] [Decorations] CAPPING events from decorations provider vscode.git 1243
[2022-01-31 05:20:29.592] [exthost] [warning] [Decorations] CAPPING events from decorations provider vscode.git 1243
[2022-01-31 05:20:34.786] [exthost] [warning] [Decorations] CAPPING events from decorations provider vscode.git 1243
[2022-01-31 05:20:39.934] [exthost] [warning] [Decorations] CAPPING events from decorations provider vscode.git 1243
[2022-01-31 05:20:45.125] [exthost] [warning] [Decorations] CAPPING events from decorations provider vscode.git 1243
[2022-01-31 05:20:50.287] [exthost] [warning] [Decorations] CAPPING events from decorations provider vscode.git 1243
[2022-01-31 05:20:55.484] [exthost] [warning] [Decorations] CAPPING events from decorations provider vscode.git 1243
[2022-01-31 05:21:00.571] [exthost] [warning] [Decorations] CAPPING events from decorations provider vscode.git 1243
[2022-01-31 05:21:05.691] [exthost] [warning] [Decorations] CAPPING events from decorations provider vscode.git 1243
[2022-01-31 05:21:10.843] [exthost] [warning] [Decorations] CAPPING events from decorations provider vscode.git 1243
[2022-01-31 05:21:16.003] [exthost] [warning] [Decorations] CAPPING events from decorations provider vscode.git 1243
[2022-01-31 05:21:21.178] [exthost] [warning] [Decorations] CAPPING events from decorations provider vscode.git 1243
[2022-01-31 05:21:26.318] [exthost] [warning] [Decorations] CAPPING events from decorations provider vscode.git 1243
[2022-01-31 05:21:31.472] [exthost] [warning] [Decorations] CAPPING events from decorations provider vscode.git 1243
[2022-01-31 05:21:36.727] [exthost] [warning] [Decorations] CAPPING events from decorations provider vscode.git 1243
[2022-01-31 05:21:41.863] [exthost] [warning] [Decorations] CAPPING events from decorations provider vscode.git 1243
[2022-01-31 05:21:47.043] [exthost] [warning] [Decorations] CAPPING events from decorations provider vscode.git 1243
[2022-01-31 05:21:52.197] [exthost] [warning] [Decorations] CAPPING events from decorations provider vscode.git 1243
[2022-01-31 05:21:58.023] [exthost] [warning] [Decorations] CAPPING events from decorations provider vscode.git 1243
[2022-01-31 05:22:03.181] [exthost] [warning] [Decorations] CAPPING events from decorations provider vscode.git 1243
[2022-01-31 05:22:08.317] [exthost] [warning] [Decorations] CAPPING events from decorations provider vscode.git 1243
[2022-01-31 05:22:13.527] [exthost] [warning] [Decorations] CAPPING events from decorations provider vscode.git 1243
[2022-01-31 05:22:32.131] [exthost] [warning] [Decorations] CAPPING events from decorations provider vscode.git 1243
[2022-01-31 05:22:45.926] [exthost] [warning] [Decorations] CAPPING events from decorations provider vscode.git 1243
[2022-01-31 05:25:49.841] [exthost] [warning] [Decorations] CAPPING events from decorations provider vscode.git 1243
[2022-01-31 05:25:54.976] [exthost] [warning] [Decorations] CAPPING events from decorations provider vscode.git 1243
[2022-01-31 05:26:00.120] [exthost] [warning] [Decorations] CAPPING events from decorations provider vscode.git 1243
[2022-01-31 05:26:05.271] [exthost] [warning] [Decorations] CAPPING events from decorations provider vscode.git 1243
[2022-01-31 05:26:10.397] [exthost] [warning] [Decorations] CAPPING events from decorations provider vscode.git 1243
[2022-01-31 05:26:15.535] [exthost] [warning] [Decorations] CAPPING events from decorations provider vscode.git 1243
[2022-01-31 05:26:20.678] [exthost] [warning] [Decorations] CAPPING events from decorations provider vscode.git 1243
[2022-01-31 05:26:25.828] [exthost] [warning] [Decorations] CAPPING events from decorations provider vscode.git 1243
[2022-01-31 05:26:30.971] [exthost] [warning] [Decorations] CAPPING events from decorations provider vscode.git 1243
[2022-01-31 05:26:36.104] [exthost] [warning] [Decorations] CAPPING events from decorations provider vscode.git 1243
[2022-01-31 05:26:41.241] [exthost] [warning] [Decorations] CAPPING events from decorations provider vscode.git 1243
[2022-01-31 05:26:46.388] [exthost] [warning] [Decorations] CAPPING events from decorations provider vscode.git 1243
[2022-01-31 05:26:51.541] [exthost] [warning] [Decorations] CAPPING events from decorations provider vscode.git 1243
[2022-01-31 05:27:58.065] [exthost] [warning] [Decorations] CAPPING events from decorations provider vscode.git 1243
[2022-01-31 05:28:03.220] [exthost] [warning] [Decorations] CAPPING events from decorations provider vscode.git 1243
[2022-01-31 05:28:08.333] [exthost] [warning] [Decorations] CAPPING events from decorations provider vscode.git 1243
[2022-01-31 05:28:13.459] [exthost] [warning] [Decorations] CAPPING events from decorations provider vscode.git 1243
[2022-01-31 05:28:22.958] [exthost] [warning] [Decorations] CAPPING events from decorations provider vscode.git 1243
[2022-01-31 05:28:28.068] [exthost] [warning] [Decorations] CAPPING events from decorations provider vscode.git 1243
[2022-01-31 05:28:59.464] [exthost] [warning] [Decorations] CAPPING events from decorations provider vscode.git 1243
[2022-01-31 05:29:04.602] [exthost] [warning] [Decorations] CAPPING events from decorations provider vscode.git 1243
[2022-01-31 05:29:09.778] [exthost] [warning] [Decorations] CAPPING events from decorations provider vscode.git 1243
[2022-01-31 05:29:14.908] [exthost] [warning] [Decorations] CAPPING events from decorations provider vscode.git 1243
[2022-01-31 05:29:20.037] [exthost] [warning] [Decorations] CAPPING events from decorations provider vscode.git 1243
[2022-01-31 05:29:25.154] [exthost] [warning] [Decorations] CAPPING events from decorations provider vscode.git 1243
[2022-01-31 05:29:30.276] [exthost] [warning] [Decorations] CAPPING events from decorations provider vscode.git 1243
[2022-01-31 05:29:35.430] [exthost] [warning] [Decorations] CAPPING events from decorations provider vscode.git 1243
[2022-01-31 05:29:40.559] [exthost] [warning] [Decorations] CAPPING events from decorations provider vscode.git 1243
[2022-01-31 14:26:45.710] [exthost] [warning] [Decorations] CAPPING events from decorations provider vscode.git 1243
[2022-01-31 14:30:51.373] [exthost] [warning] [Decorations] CAPPING events from decorations provider vscode.git 1243
[2022-01-31 14:30:56.535] [exthost] [warning] [Decorations] CAPPING events from decorations provider vscode.git 1243
[2022-01-31 14:31:01.747] [exthost] [warning] [Decorations] CAPPING events from decorations provider vscode.git 1243
[2022-01-31 14:31:07.514] [exthost] [warning] [Decorations] CAPPING events from decorations provider vscode.git 1243
[2022-01-31 14:31:12.677] [exthost] [warning] [Decorations] CAPPING events from decorations provider vscode.git 1243
[2022-01-31 14:31:17.808] [exthost] [warning] [Decorations] CAPPING events from decorations provider vscode.git 1243
[2022-01-31 14:31:22.958] [exthost] [warning] [Decorations] CAPPING events from decorations provider vscode.git 1243
[2022-01-31 14:31:28.103] [exthost] [warning] [Decorations] CAPPING events from decorations provider vscode.git 1243
[2022-01-31 14:33:18.076] [exthost] [warning] [Decorations] CAPPING events from decorations provider vscode.git 1243
[2022-01-31 14:33:23.227] [exthost] [warning] [Decorations] CAPPING events from decorations provider vscode.git 1243
[2022-01-31 14:33:33.651] [exthost] [warning] [Decorations] CAPPING events from decorations provider vscode.git 1243
[2022-01-31 14:33:38.775] [exthost] [warning] [Decorations] CAPPING events from decorations provider vscode.git 1243
[2022-01-31 14:33:43.866] [exthost] [warning] [Decorations] CAPPING events from decorations provider vscode.git 1243
[2022-01-31 14:33:48.993] [exthost] [warning] [Decorations] CAPPING events from decorations provider vscode.git 1243
[2022-01-31 14:33:55.303] [exthost] [warning] [Decorations] CAPPING events from decorations provider vscode.git 1243
[2022-01-31 14:34:23.519] [exthost] [warning] [Decorations] CAPPING events from decorations provider vscode.git 1243
[2022-01-31 14:34:28.665] [exthost] [warning] [Decorations] CAPPING events from decorations provider vscode.git 1243
[2022-01-31 14:34:33.792] [exthost] [warning] [Decorations] CAPPING events from decorations provider vscode.git 1243
[2022-01-31 14:34:38.921] [exthost] [warning] [Decorations] CAPPING events from decorations provider vscode.git 1243
[2022-01-31 14:34:44.063] [exthost] [warning] [Decorations] CAPPING events from decorations provider vscode.git 1243
[2022-01-31 14:34:49.307] [exthost] [warning] [Decorations] CAPPING events from decorations provider vscode.git 1243
[2022-01-31 14:37:19.244] [exthost] [warning] [Decorations] CAPPING events from decorations provider vscode.git 1243
[2022-01-31 14:37:24.376] [exthost] [warning] [Decorations] CAPPING events from decorations provider vscode.git 1243
[2022-01-31 14:37:29.510] [exthost] [warning] [Decorations] CAPPING events from decorations provider vscode.git 1243
[2022-01-31 14:37:34.632] [exthost] [warning] [Decorations] CAPPING events from decorations provider vscode.git 1243
[2022-01-31 14:37:39.761] [exthost] [warning] [Decorations] CAPPING events from decorations provider vscode.git 1243
[2022-01-31 14:37:44.884] [exthost] [warning] [Decorations] CAPPING events from decorations provider vscode.git 1243
[2022-01-31 14:37:50.007] [exthost] [warning] [Decorations] CAPPING events from decorations provider vscode.git 1243
[2022-01-31 14:37:55.125] [exthost] [warning] [Decorations] CAPPING events from decorations provider vscode.git 1243
[2022-01-31 14:38:00.273] [exthost] [warning] [Decorations] CAPPING events from decorations provider vscode.git 1243
[2022-01-31 14:38:05.397] [exthost] [warning] [Decorations] CAPPING events from decorations provider vscode.git 1243
[2022-01-31 14:38:10.529] [exthost] [warning] [Decorations] CAPPING events from decorations provider vscode.git 1243
[2022-01-31 14:38:15.688] [exthost] [warning] [Decorations] CAPPING events from decorations provider vscode.git 1243
[2022-01-31 14:38:20.800] [exthost] [warning] [Decorations] CAPPING events from decorations provider vscode.git 1243
[2022-01-31 14:38:25.919] [exthost] [warning] [Decorations] CAPPING events from decorations provider vscode.git 1243
[2022-01-31 14:38:31.048] [exthost] [warning] [Decorations] CAPPING events from decorations provider vscode.git 1243
[2022-01-31 14:38:36.196] [exthost] [warning] [Decorations] CAPPING events from decorations provider vscode.git 1243
[2022-01-31 14:38:41.456] [exthost] [warning] [Decorations] CAPPING events from decorations provider vscode.git 1243
[2022-01-31 14:38:46.586] [exthost] [warning] [Decorations] CAPPING events from decorations provider vscode.git 1243
[2022-01-31 14:51:14.796] [exthost] [warning] [Decorations] CAPPING events from decorations provider vscode.git 1243
[2022-01-31 14:51:19.952] [exthost] [warning] [Decorations] CAPPING events from decorations provider vscode.git 1243
[2022-01-31 18:23:31.738] [exthost] [warning] [Decorations] CAPPING events from decorations provider vscode.git 1243
[2022-01-31 18:23:36.839] [exthost] [warning] [Decorations] CAPPING events from decorations provider vscode.git 1243
[2022-01-31 18:23:41.927] [exthost] [warning] [Decorations] CAPPING events from decorations provider vscode.git 1243
[2022-01-31 18:23:47.003] [exthost] [warning] [Decorations] CAPPING events from decorations provider vscode.git 1243
[2022-01-31 18:23:52.080] [exthost] [warning] [Decorations] CAPPING events from decorations provider vscode.git 1243
[2022-01-31 18:23:57.209] [exthost] [warning] [Decorations] CAPPING events from decorations provider vscode.git 1243
[2022-01-31 18:24:02.310] [exthost] [warning] [Decorations] CAPPING events from decorations provider vscode.git 1243
[2022-01-31 18:24:07.386] [exthost] [warning] [Decorations] CAPPING events from decorations provider vscode.git 1243
[2022-01-31 18:24:12.503] [exthost] [warning] [Decorations] CAPPING events from decorations provider vscode.git 1243
[2022-01-31 18:24:17.615] [exthost] [warning] [Decorations] CAPPING events from decorations provider vscode.git 1243
[2022-01-31 18:24:22.699] [exthost] [warning] [Decorations] CAPPING events from decorations provider vscode.git 1243
[2022-01-31 18:24:27.775] [exthost] [warning] [Decorations] CAPPING events from decorations provider vscode.git 1243
[2022-01-31 18:24:32.870] [exthost] [warning] [Decorations] CAPPING events from decorations provider vscode.git 1243
[2022-01-31 18:24:37.991] [exthost] [warning] [Decorations] CAPPING events from decorations provider vscode.git 1243
[2022-01-31 18:24:43.085] [exthost] [warning] [Decorations] CAPPING events from decorations provider vscode.git 1243
[2022-01-31 18:24:48.171] [exthost] [warning] [Decorations] CAPPING events from decorations provider vscode.git 1243
[2022-01-31 18:24:53.266] [exthost] [warning] [Decorations] CAPPING events from decorations provider vscode.git 1243
[2022-01-31 18:24:58.360] [exthost] [warning] [Decorations] CAPPING events from decorations provider vscode.git 1243
[2022-01-31 18:25:03.470] [exthost] [warning] [Decorations] CAPPING events from decorations provider vscode.git 1243
[2022-01-31 18:25:08.546] [exthost] [warning] [Decorations] CAPPING events from decorations provider vscode.git 1243
[2022-01-31 18:25:13.639] [exthost] [warning] [Decorations] CAPPING events from decorations provider vscode.git 1243
[2022-01-31 18:25:18.736] [exthost] [warning] [Decorations] CAPPING events from decorations provider vscode.git 1243
[2022-01-31 18:25:23.854] [exthost] [warning] [Decorations] CAPPING events from decorations provider vscode.git 1243
[2022-01-31 18:25:28.937] [exthost] [warning] [Decorations] CAPPING events from decorations provider vscode.git 1243
[2022-01-31 18:25:34.016] [exthost] [warning] [Decorations] CAPPING events from decorations provider vscode.git 1243
[2022-01-31 18:25:39.110] [exthost] [warning] [Decorations] CAPPING events from decorations provider vscode.git 1243
[2022-01-31 18:25:44.212] [exthost] [warning] [Decorations] CAPPING events from decorations provider vscode.git 1243
[2022-01-31 18:25:49.291] [exthost] [warning] [Decorations] CAPPING events from decorations provider vscode.git 1243
[2022-01-31 18:25:54.402] [exthost] [warning] [Decorations] CAPPING events from decorations provider vscode.git 1243
[2022-01-31 18:25:59.488] [exthost] [warning] [Decorations] CAPPING events from decorations provider vscode.git 1243
[2022-01-31 18:26:04.581] [exthost] [warning] [Decorations] CAPPING events from decorations provider vscode.git 1243
[2022-01-31 18:26:09.675] [exthost] [warning] [Decorations] CAPPING events from decorations provider vscode.git 1243
[2022-01-31 18:26:14.752] [exthost] [warning] [Decorations] CAPPING events from decorations provider vscode.git 1243
[2022-01-31 18:26:19.847] [exthost] [warning] [Decorations] CAPPING events from decorations provider vscode.git 1243
[2022-01-31 18:26:24.948] [exthost] [warning] [Decorations] CAPPING events from decorations provider vscode.git 1243
[2022-01-31 18:26:30.064] [exthost] [warning] [Decorations] CAPPING events from decorations provider vscode.git 1243
[2022-01-31 18:26:35.167] [exthost] [warning] [Decorations] CAPPING events from decorations provider vscode.git 1243
[2022-01-31 18:26:40.276] [exthost] [warning] [Decorations] CAPPING events from decorations provider vscode.git 1243
[2022-01-31 18:26:45.368] [exthost] [warning] [Decorations] CAPPING events from decorations provider vscode.git 1243
[2022-01-31 18:26:50.952] [exthost] [warning] [Decorations] CAPPING events from decorations provider vscode.git 1243
[2022-01-31 18:26:56.051] [exthost] [warning] [Decorations] CAPPING events from decorations provider vscode.git 1243
[2022-01-31 18:27:01.155] [exthost] [warning] [Decorations] CAPPING events from decorations provider vscode.git 1243
[2022-01-31 18:27:06.227] [exthost] [warning] [Decorations] CAPPING events from decorations provider vscode.git 1243
[2022-01-31 18:27:11.317] [exthost] [warning] [Decorations] CAPPING events from decorations provider vscode.git 1243
[2022-01-31 18:27:16.435] [exthost] [warning] [Decorations] CAPPING events from decorations provider vscode.git 1243
[2022-01-31 18:27:21.527] [exthost] [warning] [Decorations] CAPPING events from decorations provider vscode.git 1243
[2022-01-31 18:27:26.615] [exthost] [warning] [Decorations] CAPPING events from decorations provider vscode.git 1243
[2022-01-31 18:27:31.691] [exthost] [warning] [Decorations] CAPPING events from decorations provider vscode.git 1243
[2022-01-31 18:27:36.785] [exthost] [warning] [Decorations] CAPPING events from decorations provider vscode.git 1243
[2022-01-31 18:27:41.871] [exthost] [warning] [Decorations] CAPPING events from decorations provider vscode.git 1243
[2022-01-31 18:27:46.948] [exthost] [warning] [Decorations] CAPPING events from decorations provider vscode.git 1243
[2022-01-31 18:27:52.037] [exthost] [warning] [Decorations] CAPPING events from decorations provider vscode.git 1243
[2022-01-31 18:27:57.114] [exthost] [warning] [Decorations] CAPPING events from decorations provider vscode.git 1243
[2022-01-31 18:28:02.189] [exthost] [warning] [Decorations] CAPPING events from decorations provider vscode.git 1243
[2022-01-31 18:28:07.287] [exthost] [warning] [Decorations] CAPPING events from decorations provider vscode.git 1243
[2022-01-31 18:28:12.373] [exthost] [warning] [Decorations] CAPPING events from decorations provider vscode.git 1243
[2022-01-31 18:28:17.444] [exthost] [warning] [Decorations] CAPPING events from decorations provider vscode.git 1243
[2022-01-31 18:28:22.534] [exthost] [warning] [Decorations] CAPPING events from decorations provider vscode.git 1243
[2022-01-31 18:28:27.616] [exthost] [warning] [Decorations] CAPPING events from decorations provider vscode.git 1243
[2022-01-31 18:28:32.695] [exthost] [warning] [Decorations] CAPPING events from decorations provider vscode.git 1243
[2022-01-31 18:28:37.790] [exthost] [warning] [Decorations] CAPPING events from decorations provider vscode.git 1243
[2022-01-31 18:28:42.883] [exthost] [warning] [Decorations] CAPPING events from decorations provider vscode.git 1243
[2022-01-31 18:28:47.969] [exthost] [warning] [Decorations] CAPPING events from decorations provider vscode.git 1243
[2022-01-31 18:29:11.759] [exthost] [warning] [Decorations] CAPPING events from decorations provider vscode.git 1243
[2022-01-31 18:29:16.843] [exthost] [warning] [Decorations] CAPPING events from decorations provider vscode.git 1243
[2022-01-31 18:29:21.935] [exthost] [warning] [Decorations] CAPPING events from decorations provider vscode.git 1243
[2022-01-31 18:29:27.008] [exthost] [warning] [Decorations] CAPPING events from decorations provider vscode.git 1243
[2022-01-31 18:29:36.555] [exthost] [warning] [Decorations] CAPPING events from decorations provider vscode.git 1243
[2022-01-31 18:29:41.643] [exthost] [warning] [Decorations] CAPPING events from decorations provider vscode.git 1243
[2022-01-31 18:29:46.736] [exthost] [warning] [Decorations] CAPPING events from decorations provider vscode.git 1243
[2022-01-31 18:29:51.842] [exthost] [warning] [Decorations] CAPPING events from decorations provider vscode.git 1243
[2022-01-31 18:29:56.944] [exthost] [warning] [Decorations] CAPPING events from decorations provider vscode.git 1243
[2022-01-31 18:30:02.037] [exthost] [warning] [Decorations] CAPPING events from decorations provider vscode.git 1243
[2022-01-31 18:30:07.122] [exthost] [warning] [Decorations] CAPPING events from decorations provider vscode.git 1243
[2022-01-31 18:30:12.214] [exthost] [warning] [Decorations] CAPPING events from decorations provider vscode.git 1243
[2022-01-31 18:30:17.309] [exthost] [warning] [Decorations] CAPPING events from decorations provider vscode.git 1243
[2022-01-31 18:30:22.396] [exthost] [warning] [Decorations] CAPPING events from decorations provider vscode.git 1243
[2022-01-31 18:30:27.487] [exthost] [warning] [Decorations] CAPPING events from decorations provider vscode.git 1243
[2022-01-31 18:31:22.273] [exthost] [warning] [Decorations] CAPPING events from decorations provider vscode.git 1243
[2022-01-31 18:31:27.376] [exthost] [warning] [Decorations] CAPPING events from decorations provider vscode.git 1243
[2022-01-31 18:31:32.484] [exthost] [warning] [Decorations] CAPPING events from decorations provider vscode.git 1243
[2022-01-31 18:31:37.558] [exthost] [warning] [Decorations] CAPPING events from decorations provider vscode.git 1243
[2022-01-31 18:31:42.654] [exthost] [warning] [Decorations] CAPPING events from decorations provider vscode.git 1243
[2022-01-31 18:31:47.748] [exthost] [warning] [Decorations] CAPPING events from decorations provider vscode.git 1243
[2022-01-31 18:31:52.830] [exthost] [warning] [Decorations] CAPPING events from decorations provider vscode.git 1243
[2022-01-31 18:34:14.943] [exthost] [warning] [Decorations] CAPPING events from decorations provider vscode.git 1243
[2022-01-31 18:34:20.020] [exthost] [warning] [Decorations] CAPPING events from decorations provider vscode.git 1243
[2022-01-31 18:34:25.098] [exthost] [warning] [Decorations] CAPPING events from decorations provider vscode.git 1243
[2022-01-31 18:34:30.197] [exthost] [warning] [Decorations] CAPPING events from decorations provider vscode.git 1243
[2022-01-31 18:34:35.275] [exthost] [warning] [Decorations] CAPPING events from decorations provider vscode.git 1243
[2022-01-31 18:34:40.363] [exthost] [warning] [Decorations] CAPPING events from decorations provider vscode.git 1243
[2022-01-31 18:34:45.459] [exthost] [warning] [Decorations] CAPPING events from decorations provider vscode.git 1243
[2022-01-31 18:34:50.579] [exthost] [warning] [Decorations] CAPPING events from decorations provider vscode.git 1243
[2022-01-31 18:34:55.693] [exthost] [warning] [Decorations] CAPPING events from decorations provider vscode.git 1243
[2022-01-31 18:35:00.779] [exthost] [warning] [Decorations] CAPPING events from decorations provider vscode.git 1243
[2022-01-31 18:35:05.857] [exthost] [warning] [Decorations] CAPPING events from decorations provider vscode.git 1243
[2022-01-31 18:35:10.937] [exthost] [warning] [Decorations] CAPPING events from decorations provider vscode.git 1243
[2022-01-31 18:35:16.042] [exthost] [warning] [Decorations] CAPPING events from decorations provider vscode.git 1243
[2022-01-31 18:35:21.137] [exthost] [warning] [Decorations] CAPPING events from decorations provider vscode.git 1243
[2022-01-31 18:35:42.121] [exthost] [warning] [Decorations] CAPPING events from decorations provider vscode.git 1243
[2022-01-31 18:35:47.251] [exthost] [warning] [Decorations] CAPPING events from decorations provider vscode.git 1243
[2022-01-31 18:35:52.345] [exthost] [warning] [Decorations] CAPPING events from decorations provider vscode.git 1243
[2022-01-31 18:35:57.444] [exthost] [warning] [Decorations] CAPPING events from decorations provider vscode.git 1243
[2022-01-31 18:36:02.531] [exthost] [warning] [Decorations] CAPPING events from decorations provider vscode.git 1243
[2022-01-31 18:36:07.631] [exthost] [warning] [Decorations] CAPPING events from decorations provider vscode.git 1243
[2022-01-31 18:36:12.719] [exthost] [warning] [Decorations] CAPPING events from decorations provider vscode.git 1243
[2022-01-31 18:36:17.826] [exthost] [warning] [Decorations] CAPPING events from decorations provider vscode.git 1243
[2022-01-31 18:36:22.926] [exthost] [warning] [Decorations] CAPPING events from decorations provider vscode.git 1243
[2022-01-31 18:36:28.017] [exthost] [warning] [Decorations] CAPPING events from decorations provider vscode.git 1243
[2022-01-31 18:36:33.128] [exthost] [warning] [Decorations] CAPPING events from decorations provider vscode.git 1243
[2022-01-31 18:36:38.233] [exthost] [warning] [Decorations] CAPPING events from decorations provider vscode.git 1243
[2022-01-31 18:36:56.254] [exthost] [warning] [Decorations] CAPPING events from decorations provider vscode.git 1243
[2022-01-31 18:37:01.358] [exthost] [warning] [Decorations] CAPPING events from decorations provider vscode.git 1243
[2022-01-31 18:39:04.031] [exthost] [warning] [Decorations] CAPPING events from decorations provider vscode.git 1243
[2022-01-31 18:39:09.128] [exthost] [warning] [Decorations] CAPPING events from decorations provider vscode.git 1243
[2022-01-31 18:39:14.201] [exthost] [warning] [Decorations] CAPPING events from decorations provider vscode.git 1243
[2022-01-31 18:39:19.321] [exthost] [warning] [Decorations] CAPPING events from decorations provider vscode.git 1243
[2022-01-31 18:39:24.418] [exthost] [warning] [Decorations] CAPPING events from decorations provider vscode.git 1243
[2022-01-31 18:39:29.526] [exthost] [warning] [Decorations] CAPPING events from decorations provider vscode.git 1243
[2022-01-31 18:39:34.612] [exthost] [warning] [Decorations] CAPPING events from decorations provider vscode.git 1243
[2022-01-31 18:39:39.691] [exthost] [warning] [Decorations] CAPPING events from decorations provider vscode.git 1243
[2022-01-31 18:39:44.772] [exthost] [warning] [Decorations] CAPPING events from decorations provider vscode.git 1243
[2022-01-31 18:39:49.867] [exthost] [warning] [Decorations] CAPPING events from decorations provider vscode.git 1243
[2022-01-31 18:39:54.946] [exthost] [warning] [Decorations] CAPPING events from decorations provider vscode.git 1243
[2022-01-31 18:40:00.026] [exthost] [warning] [Decorations] CAPPING events from decorations provider vscode.git 1243
[2022-01-31 18:40:05.115] [exthost] [warning] [Decorations] CAPPING events from decorations provider vscode.git 1243
[2022-01-31 18:40:10.191] [exthost] [warning] [Decorations] CAPPING events from decorations provider vscode.git 1243
[2022-01-31 18:40:15.286] [exthost] [warning] [Decorations] CAPPING events from decorations provider vscode.git 1243
[2022-01-31 18:40:20.373] [exthost] [warning] [Decorations] CAPPING events from decorations provider vscode.git 1243
[2022-01-31 18:40:25.449] [exthost] [warning] [Decorations] CAPPING events from decorations provider vscode.git 1243
[2022-01-31 18:40:30.531] [exthost] [warning] [Decorations] CAPPING events from decorations provider vscode.git 1243
[2022-01-31 18:40:35.611] [exthost] [warning] [Decorations] CAPPING events from decorations provider vscode.git 1243
[2022-01-31 18:40:49.314] [exthost] [warning] [Decorations] CAPPING events from decorations provider vscode.git 1243
[2022-01-31 18:40:54.408] [exthost] [warning] [Decorations] CAPPING events from decorations provider vscode.git 1243
[2022-01-31 18:41:54.100] [exthost] [warning] [Decorations] CAPPING events from decorations provider vscode.git 1243
[2022-01-31 18:41:59.205] [exthost] [warning] [Decorations] CAPPING events from decorations provider vscode.git 1243
[2022-01-31 18:42:04.301] [exthost] [warning] [Decorations] CAPPING events from decorations provider vscode.git 1243
[2022-01-31 18:42:09.399] [exthost] [warning] [Decorations] CAPPING events from decorations provider vscode.git 1243
[2022-01-31 18:42:14.497] [exthost] [warning] [Decorations] CAPPING events from decorations provider vscode.git 1243
[2022-01-31 18:42:19.594] [exthost] [warning] [Decorations] CAPPING events from decorations provider vscode.git 1243
[2022-01-31 18:42:24.696] [exthost] [warning] [Decorations] CAPPING events from decorations provider vscode.git 1243
[2022-01-31 18:42:29.794] [exthost] [warning] [Decorations] CAPPING events from decorations provider vscode.git 1243
[2022-01-31 18:42:34.909] [exthost] [warning] [Decorations] CAPPING events from decorations provider vscode.git 1243
[2022-01-31 18:42:40.011] [exthost] [warning] [Decorations] CAPPING events from decorations provider vscode.git 1243
[2022-01-31 18:42:45.123] [exthost] [warning] [Decorations] CAPPING events from decorations provider vscode.git 1243
[2022-01-31 18:42:50.229] [exthost] [warning] [Decorations] CAPPING events from decorations provider vscode.git 1243
[2022-01-31 18:42:55.316] [exthost] [warning] [Decorations] CAPPING events from decorations provider vscode.git 1243
[2022-01-31 18:43:00.411] [exthost] [warning] [Decorations] CAPPING events from decorations provider vscode.git 1243
[2022-01-31 18:43:05.512] [exthost] [warning] [Decorations] CAPPING events from decorations provider vscode.git 1243
[2022-01-31 18:43:10.608] [exthost] [warning] [Decorations] CAPPING events from decorations provider vscode.git 1243
[2022-01-31 18:43:15.702] [exthost] [warning] [Decorations] CAPPING events from decorations provider vscode.git 1243
[2022-01-31 18:43:20.810] [exthost] [warning] [Decorations] CAPPING events from decorations provider vscode.git 1243
[2022-01-31 18:43:25.919] [exthost] [warning] [Decorations] CAPPING events from decorations provider vscode.git 1243
[2022-01-31 18:46:50.422] [exthost] [warning] [Decorations] CAPPING events from decorations provider vscode.git 1243
[2022-01-31 18:46:55.522] [exthost] [warning] [Decorations] CAPPING events from decorations provider vscode.git 1243
[2022-01-31 18:47:01.702] [exthost] [warning] [Decorations] CAPPING events from decorations provider vscode.git 1243
[2022-01-31 18:47:08.571] [exthost] [warning] [Decorations] CAPPING events from decorations provider vscode.git 1243
[2022-01-31 18:47:13.655] [exthost] [warning] [Decorations] CAPPING events from decorations provider vscode.git 1243
[2022-01-31 18:47:18.750] [exthost] [warning] [Decorations] CAPPING events from decorations provider vscode.git 1243
[2022-01-31 18:47:23.831] [exthost] [warning] [Decorations] CAPPING events from decorations provider vscode.git 1243
[2022-01-31 18:47:28.922] [exthost] [warning] [Decorations] CAPPING events from decorations provider vscode.git 1243
[2022-01-31 18:47:34.025] [exthost] [warning] [Decorations] CAPPING events from decorations provider vscode.git 1243
[2022-01-31 18:47:39.925] [exthost] [warning] [Decorations] CAPPING events from decorations provider vscode.git 1243
[2022-01-31 18:47:45.014] [exthost] [warning] [Decorations] CAPPING events from decorations provider vscode.git 1243
[2022-01-31 18:47:50.118] [exthost] [warning] [Decorations] CAPPING events from decorations provider vscode.git 1243
[2022-01-31 18:47:55.209] [exthost] [warning] [Decorations] CAPPING events from decorations provider vscode.git 1243
[2022-01-31 18:48:00.300] [exthost] [warning] [Decorations] CAPPING events from decorations provider vscode.git 1243
[2022-01-31 18:48:05.424] [exthost] [warning] [Decorations] CAPPING events from decorations provider vscode.git 1243
[2022-01-31 18:48:10.540] [exthost] [warning] [Decorations] CAPPING events from decorations provider vscode.git 1243
[2022-01-31 18:48:15.641] [exthost] [warning] [Decorations] CAPPING events from decorations provider vscode.git 1243
[2022-01-31 18:48:20.722] [exthost] [warning] [Decorations] CAPPING events from decorations provider vscode.git 1243
[2022-01-31 18:48:25.800] [exthost] [warning] [Decorations] CAPPING events from decorations provider vscode.git 1243
[2022-01-31 18:48:30.892] [exthost] [warning] [Decorations] CAPPING events from decorations provider vscode.git 1243
[2022-01-31 18:48:35.996] [exthost] [warning] [Decorations] CAPPING events from decorations provider vscode.git 1243
[2022-01-31 18:48:41.077] [exthost] [warning] [Decorations] CAPPING events from decorations provider vscode.git 1243
[2022-01-31 18:48:46.153] [exthost] [warning] [Decorations] CAPPING events from decorations provider vscode.git 1243
[2022-01-31 18:48:51.236] [exthost] [warning] [Decorations] CAPPING events from decorations provider vscode.git 1243
[2022-01-31 18:48:56.341] [exthost] [warning] [Decorations] CAPPING events from decorations provider vscode.git 1243
[2022-01-31 18:49:01.439] [exthost] [warning] [Decorations] CAPPING events from decorations provider vscode.git 1243
[2022-01-31 18:49:06.522] [exthost] [warning] [Decorations] CAPPING events from decorations provider vscode.git 1243
[2022-01-31 18:49:11.618] [exthost] [warning] [Decorations] CAPPING events from decorations provider vscode.git 1243
[2022-01-31 18:49:16.711] [exthost] [warning] [Decorations] CAPPING events from decorations provider vscode.git 1243
[2022-01-31 18:49:21.806] [exthost] [warning] [Decorations] CAPPING events from decorations provider vscode.git 1243
[2022-01-31 18:49:26.889] [exthost] [warning] [Decorations] CAPPING events from decorations provider vscode.git 1243
[2022-01-31 18:49:31.984] [exthost] [warning] [Decorations] CAPPING events from decorations provider vscode.git 1243
[2022-01-31 18:49:37.097] [exthost] [warning] [Decorations] CAPPING events from decorations provider vscode.git 1243
[2022-01-31 18:49:42.204] [exthost] [warning] [Decorations] CAPPING events from decorations provider vscode.git 1243
[2022-01-31 18:53:31.571] [exthost] [warning] [Decorations] CAPPING events from decorations provider vscode.git 1243
[2022-01-31 18:53:36.659] [exthost] [warning] [Decorations] CAPPING events from decorations provider vscode.git 1243
[2022-01-31 18:53:41.735] [exthost] [warning] [Decorations] CAPPING events from decorations provider vscode.git 1243
[2022-01-31 18:54:07.314] [exthost] [warning] [Decorations] CAPPING events from decorations provider vscode.git 1243
[2022-01-31 18:54:12.414] [exthost] [warning] [Decorations] CAPPING events from decorations provider vscode.git 1243
[2022-01-31 18:54:17.513] [exthost] [warning] [Decorations] CAPPING events from decorations provider vscode.git 1243
[2022-01-31 18:54:22.589] [exthost] [warning] [Decorations] CAPPING events from decorations provider vscode.git 1243
[2022-01-31 18:54:27.687] [exthost] [warning] [Decorations] CAPPING events from decorations provider vscode.git 1243
[2022-01-31 18:54:32.761] [exthost] [warning] [Decorations] CAPPING events from decorations provider vscode.git 1243
[2022-01-31 18:54:37.885] [exthost] [warning] [Decorations] CAPPING events from decorations provider vscode.git 1243
[2022-01-31 18:54:42.988] [exthost] [warning] [Decorations] CAPPING events from decorations provider vscode.git 1243
[2022-01-31 18:54:48.064] [exthost] [warning] [Decorations] CAPPING events from decorations provider vscode.git 1243
[2022-01-31 18:54:53.159] [exthost] [warning] [Decorations] CAPPING events from decorations provider vscode.git 1243
[2022-01-31 18:54:58.252] [exthost] [warning] [Decorations] CAPPING events from decorations provider vscode.git 1243
[2022-01-31 18:55:03.346] [exthost] [warning] [Decorations] CAPPING events from decorations provider vscode.git 1243
[2022-01-31 18:55:08.460] [exthost] [warning] [Decorations] CAPPING events from decorations provider vscode.git 1243
[2022-01-31 18:55:13.548] [exthost] [warning] [Decorations] CAPPING events from decorations provider vscode.git 1243
[2022-01-31 18:55:18.655] [exthost] [warning] [Decorations] CAPPING events from decorations provider vscode.git 1243
[2022-01-31 18:55:23.740] [exthost] [warning] [Decorations] CAPPING events from decorations provider vscode.git 1243
[2022-01-31 18:55:28.822] [exthost] [warning] [Decorations] CAPPING events from decorations provider vscode.git 1243
[2022-01-31 18:55:35.150] [exthost] [warning] [Decorations] CAPPING events from decorations provider vscode.git 1243
[2022-01-31 18:55:48.368] [exthost] [warning] [Decorations] CAPPING events from decorations provider vscode.git 1243
[2022-01-31 18:55:53.502] [exthost] [warning] [Decorations] CAPPING events from decorations provider vscode.git 1243
[2022-01-31 18:55:59.174] [exthost] [warning] [Decorations] CAPPING events from decorations provider vscode.git 1243
[2022-01-31 18:56:04.258] [exthost] [warning] [Decorations] CAPPING events from decorations provider vscode.git 1243
[2022-01-31 18:56:09.331] [exthost] [warning] [Decorations] CAPPING events from decorations provider vscode.git 1243
[2022-01-31 18:56:17.526] [exthost] [warning] [Decorations] CAPPING events from decorations provider vscode.git 1243
[2022-01-31 18:56:22.629] [exthost] [warning] [Decorations] CAPPING events from decorations provider vscode.git 1243
[2022-01-31 18:56:28.107] [exthost] [warning] [Decorations] CAPPING events from decorations provider vscode.git 1243
[2022-01-31 18:56:33.715] [exthost] [warning] [Decorations] CAPPING events from decorations provider vscode.git 1243
[2022-01-31 18:56:41.405] [exthost] [warning] [Decorations] CAPPING events from decorations provider vscode.git 1243
[2022-01-31 18:56:46.489] [exthost] [warning] [Decorations] CAPPING events from decorations provider vscode.git 1243
[2022-01-31 18:56:51.585] [exthost] [warning] [Decorations] CAPPING events from decorations provider vscode.git 1243
[2022-01-31 18:56:56.681] [exthost] [warning] [Decorations] CAPPING events from decorations provider vscode.git 1243
[2022-01-31 18:57:01.762] [exthost] [warning] [Decorations] CAPPING events from decorations provider vscode.git 1243
[2022-01-31 18:57:06.839] [exthost] [warning] [Decorations] CAPPING events from decorations provider vscode.git 1243
[2022-01-31 18:57:11.938] [exthost] [warning] [Decorations] CAPPING events from decorations provider vscode.git 1243
[2022-01-31 18:57:17.032] [exthost] [warning] [Decorations] CAPPING events from decorations provider vscode.git 1243
[2022-01-31 18:57:22.127] [exthost] [warning] [Decorations] CAPPING events from decorations provider vscode.git 1243
[2022-01-31 18:57:27.218] [exthost] [warning] [Decorations] CAPPING events from decorations provider vscode.git 1243
[2022-01-31 18:57:32.312] [exthost] [warning] [Decorations] CAPPING events from decorations provider vscode.git 1243
[2022-01-31 18:57:37.401] [exthost] [warning] [Decorations] CAPPING events from decorations provider vscode.git 1243
[2022-01-31 18:57:42.481] [exthost] [warning] [Decorations] CAPPING events from decorations provider vscode.git 1243
[2022-01-31 18:57:47.559] [exthost] [warning] [Decorations] CAPPING events from decorations provider vscode.git 1243
[2022-01-31 18:57:52.652] [exthost] [warning] [Decorations] CAPPING events from decorations provider vscode.git 1243
[2022-01-31 18:57:57.742] [exthost] [warning] [Decorations] CAPPING events from decorations provider vscode.git 1243
[2022-01-31 18:58:02.847] [exthost] [warning] [Decorations] CAPPING events from decorations provider vscode.git 1243
[2022-01-31 18:58:07.953] [exthost] [warning] [Decorations] CAPPING events from decorations provider vscode.git 1243
[2022-01-31 18:58:13.037] [exthost] [warning] [Decorations] CAPPING events from decorations provider vscode.git 1243
[2022-01-31 18:58:18.115] [exthost] [warning] [Decorations] CAPPING events from decorations provider vscode.git 1243
[2022-01-31 18:58:23.201] [exthost] [warning] [Decorations] CAPPING events from decorations provider vscode.git 1243
[2022-01-31 18:58:28.285] [exthost] [warning] [Decorations] CAPPING events from decorations provider vscode.git 1243
[2022-01-31 18:58:33.364] [exthost] [warning] [Decorations] CAPPING events from decorations provider vscode.git 1243
[2022-01-31 18:58:38.519] [exthost] [warning] [Decorations] CAPPING events from decorations provider vscode.git 1243
[2022-01-31 18:58:43.605] [exthost] [warning] [Decorations] CAPPING events from decorations provider vscode.git 1243
[2022-01-31 18:58:48.704] [exthost] [warning] [Decorations] CAPPING events from decorations provider vscode.git 1243
[2022-01-31 18:58:53.794] [exthost] [warning] [Decorations] CAPPING events from decorations provider vscode.git 1243
[2022-01-31 18:58:58.905] [exthost] [warning] [Decorations] CAPPING events from decorations provider vscode.git 1243
[2022-01-31 18:59:03.998] [exthost] [warning] [Decorations] CAPPING events from decorations provider vscode.git 1243
[2022-01-31 18:59:09.084] [exthost] [warning] [Decorations] CAPPING events from decorations provider vscode.git 1243
[2022-01-31 18:59:14.173] [exthost] [warning] [Decorations] CAPPING events from decorations provider vscode.git 1243
[2022-01-31 18:59:19.263] [exthost] [warning] [Decorations] CAPPING events from decorations provider vscode.git 1243
[2022-01-31 18:59:24.343] [exthost] [warning] [Decorations] CAPPING events from decorations provider vscode.git 1243
[2022-01-31 18:59:29.442] [exthost] [warning] [Decorations] CAPPING events from decorations provider vscode.git 1243
[2022-01-31 18:59:34.534] [exthost] [warning] [Decorations] CAPPING events from decorations provider vscode.git 1243
[2022-01-31 18:59:39.616] [exthost] [warning] [Decorations] CAPPING events from decorations provider vscode.git 1243
[2022-01-31 18:59:44.700] [exthost] [warning] [Decorations] CAPPING events from decorations provider vscode.git 1243
[2022-01-31 18:59:49.807] [exthost] [warning] [Decorations] CAPPING events from decorations provider vscode.git 1243
[2022-01-31 19:00:08.137] [exthost] [warning] [Decorations] CAPPING events from decorations provider vscode.git 1243
[2022-01-31 19:00:13.227] [exthost] [warning] [Decorations] CAPPING events from decorations provider vscode.git 1243
[2022-01-31 19:00:18.327] [exthost] [warning] [Decorations] CAPPING events from decorations provider vscode.git 1243
[2022-01-31 19:00:23.415] [exthost] [warning] [Decorations] CAPPING events from decorations provider vscode.git 1243
[2022-01-31 19:00:28.512] [exthost] [warning] [Decorations] CAPPING events from decorations provider vscode.git 1243
[2022-01-31 19:00:33.613] [exthost] [warning] [Decorations] CAPPING events from decorations provider vscode.git 1243
[2022-01-31 19:00:38.705] [exthost] [warning] [Decorations] CAPPING events from decorations provider vscode.git 1243
[2022-01-31 19:00:56.759] [exthost] [warning] [Decorations] CAPPING events from decorations provider vscode.git 1243
[2022-01-31 19:01:01.860] [exthost] [warning] [Decorations] CAPPING events from decorations provider vscode.git 1243
[2022-01-31 19:01:24.813] [exthost] [warning] [Decorations] CAPPING events from decorations provider vscode.git 1243
[2022-01-31 19:01:29.888] [exthost] [warning] [Decorations] CAPPING events from decorations provider vscode.git 1243
[2022-01-31 19:01:34.990] [exthost] [warning] [Decorations] CAPPING events from decorations provider vscode.git 1243
[2022-01-31 19:01:40.072] [exthost] [warning] [Decorations] CAPPING events from decorations provider vscode.git 1243
[2022-01-31 19:01:45.184] [exthost] [warning] [Decorations] CAPPING events from decorations provider vscode.git 1243
[2022-01-31 19:01:50.275] [exthost] [warning] [Decorations] CAPPING events from decorations provider vscode.git 1243
[2022-01-31 19:01:55.362] [exthost] [warning] [Decorations] CAPPING events from decorations provider vscode.git 1243
[2022-01-31 19:02:00.472] [exthost] [warning] [Decorations] CAPPING events from decorations provider vscode.git 1243
[2022-01-31 19:02:05.572] [exthost] [warning] [Decorations] CAPPING events from decorations provider vscode.git 1243
[2022-01-31 19:02:10.697] [exthost] [warning] [Decorations] CAPPING events from decorations provider vscode.git 1243
[2022-01-31 19:02:15.827] [exthost] [warning] [Decorations] CAPPING events from decorations provider vscode.git 1243
[2022-01-31 19:02:20.910] [exthost] [warning] [Decorations] CAPPING events from decorations provider vscode.git 1243
[2022-01-31 19:02:26.014] [exthost] [warning] [Decorations] CAPPING events from decorations provider vscode.git 1243
[2022-01-31 19:02:31.108] [exthost] [warning] [Decorations] CAPPING events from decorations provider vscode.git 1243
[2022-01-31 19:02:36.188] [exthost] [warning] [Decorations] CAPPING events from decorations provider vscode.git 1243
[2022-01-31 19:02:53.902] [exthost] [warning] [Decorations] CAPPING events from decorations provider vscode.git 1243
[2022-01-31 19:02:59.067] [exthost] [warning] [Decorations] CAPPING events from decorations provider vscode.git 1243
[2022-01-31 19:03:24.076] [exthost] [warning] [Decorations] CAPPING events from decorations provider vscode.git 1243
[2022-01-31 19:03:29.165] [exthost] [warning] [Decorations] CAPPING events from decorations provider vscode.git 1243
[2022-01-31 19:03:34.249] [exthost] [warning] [Decorations] CAPPING events from decorations provider vscode.git 1243
[2022-01-31 19:03:39.339] [exthost] [warning] [Decorations] CAPPING events from decorations provider vscode.git 1243
[2022-01-31 19:03:44.441] [exthost] [warning] [Decorations] CAPPING events from decorations provider vscode.git 1243
[2022-01-31 19:03:49.522] [exthost] [warning] [Decorations] CAPPING events from decorations provider vscode.git 1243
[2022-01-31 19:03:54.615] [exthost] [warning] [Decorations] CAPPING events from decorations provider vscode.git 1243
[2022-01-31 19:03:59.707] [exthost] [warning] [Decorations] CAPPING events from decorations provider vscode.git 1243
[2022-01-31 19:04:13.888] [exthost] [warning] [Decorations] CAPPING events from decorations provider vscode.git 1243
[2022-01-31 19:04:19.048] [exthost] [warning] [Decorations] CAPPING events from decorations provider vscode.git 1243
[2022-01-31 19:04:30.998] [exthost] [warning] [Decorations] CAPPING events from decorations provider vscode.git 1243
[2022-01-31 19:04:36.097] [exthost] [warning] [Decorations] CAPPING events from decorations provider vscode.git 1243
[2022-01-31 19:04:41.206] [exthost] [warning] [Decorations] CAPPING events from decorations provider vscode.git 1243
[2022-01-31 19:04:46.342] [exthost] [warning] [Decorations] CAPPING events from decorations provider vscode.git 1243
[2022-01-31 19:05:10.490] [exthost] [warning] [Decorations] CAPPING events from decorations provider vscode.git 1243
[2022-01-31 19:14:01.153] [exthost] [warning] [Decorations] CAPPING events from decorations provider vscode.git 1243
[2022-01-31 19:14:06.279] [exthost] [warning] [Decorations] CAPPING events from decorations provider vscode.git 1243
[2022-01-31 19:14:14.819] [exthost] [warning] [Decorations] CAPPING events from decorations provider vscode.git 1243
[2022-01-31 19:14:19.900] [exthost] [warning] [Decorations] CAPPING events from decorations provider vscode.git 1243
[2022-01-31 19:14:24.987] [exthost] [warning] [Decorations] CAPPING events from decorations provider vscode.git 1243
[2022-01-31 19:14:30.071] [exthost] [warning] [Decorations] CAPPING events from decorations provider vscode.git 1243
[2022-01-31 19:14:35.151] [exthost] [warning] [Decorations] CAPPING events from decorations provider vscode.git 1243
[2022-01-31 19:14:40.231] [exthost] [warning] [Decorations] CAPPING events from decorations provider vscode.git 1243
[2022-01-31 19:14:45.311] [exthost] [warning] [Decorations] CAPPING events from decorations provider vscode.git 1243
[2022-01-31 19:14:50.403] [exthost] [warning] [Decorations] CAPPING events from decorations provider vscode.git 1243
[2022-01-31 19:14:55.488] [exthost] [warning] [Decorations] CAPPING events from decorations provider vscode.git 1243
[2022-01-31 19:15:00.573] [exthost] [warning] [Decorations] CAPPING events from decorations provider vscode.git 1243
[2022-01-31 19:15:05.673] [exthost] [warning] [Decorations] CAPPING events from decorations provider vscode.git 1243
[2022-01-31 19:15:10.786] [exthost] [warning] [Decorations] CAPPING events from decorations provider vscode.git 1243
[2022-01-31 19:15:19.752] [exthost] [warning] [Decorations] CAPPING events from decorations provider vscode.git 1243
[2022-01-31 19:15:24.837] [exthost] [warning] [Decorations] CAPPING events from decorations provider vscode.git 1243
[2022-01-31 19:15:29.914] [exthost] [warning] [Decorations] CAPPING events from decorations provider vscode.git 1243
[2022-01-31 19:15:35.018] [exthost] [warning] [Decorations] CAPPING events from decorations provider vscode.git 1243
[2022-01-31 19:15:41.852] [exthost] [warning] [Decorations] CAPPING events from decorations provider vscode.git 1243
[2022-01-31 19:15:46.972] [exthost] [warning] [Decorations] CAPPING events from decorations provider vscode.git 1243
[2022-01-31 19:15:52.076] [exthost] [warning] [Decorations] CAPPING events from decorations provider vscode.git 1243
[2022-01-31 19:15:57.152] [exthost] [warning] [Decorations] CAPPING events from decorations provider vscode.git 1243
[2022-01-31 19:16:02.239] [exthost] [warning] [Decorations] CAPPING events from decorations provider vscode.git 1243
[2022-01-31 19:16:07.342] [exthost] [warning] [Decorations] CAPPING events from decorations provider vscode.git 1243
[2022-01-31 19:16:12.423] [exthost] [warning] [Decorations] CAPPING events from decorations provider vscode.git 1243
[2022-01-31 19:16:17.500] [exthost] [warning] [Decorations] CAPPING events from decorations provider vscode.git 1243
[2022-01-31 19:16:22.584] [exthost] [warning] [Decorations] CAPPING events from decorations provider vscode.git 1243
[2022-01-31 19:16:27.663] [exthost] [warning] [Decorations] CAPPING events from decorations provider vscode.git 1243
[2022-01-31 19:16:32.756] [exthost] [warning] [Decorations] CAPPING events from decorations provider vscode.git 1243
[2022-01-31 19:16:37.861] [exthost] [warning] [Decorations] CAPPING events from decorations provider vscode.git 1243
[2022-01-31 19:16:42.960] [exthost] [warning] [Decorations] CAPPING events from decorations provider vscode.git 1243
[2022-01-31 19:16:48.041] [exthost] [warning] [Decorations] CAPPING events from decorations provider vscode.git 1243
[2022-01-31 19:16:53.138] [exthost] [warning] [Decorations] CAPPING events from decorations provider vscode.git 1243
[2022-01-31 19:16:58.217] [exthost] [warning] [Decorations] CAPPING events from decorations provider vscode.git 1243
[2022-01-31 19:17:03.315] [exthost] [warning] [Decorations] CAPPING events from decorations provider vscode.git 1243
[2022-01-31 19:17:08.396] [exthost] [warning] [Decorations] CAPPING events from decorations provider vscode.git 1243
[2022-01-31 19:17:13.491] [exthost] [warning] [Decorations] CAPPING events from decorations provider vscode.git 1243
[2022-01-31 19:17:18.581] [exthost] [warning] [Decorations] CAPPING events from decorations provider vscode.git 1243
[2022-01-31 19:17:23.660] [exthost] [warning] [Decorations] CAPPING events from decorations provider vscode.git 1243
[2022-01-31 19:17:28.749] [exthost] [warning] [Decorations] CAPPING events from decorations provider vscode.git 1243
[2022-01-31 19:17:33.846] [exthost] [warning] [Decorations] CAPPING events from decorations provider vscode.git 1243
[2022-01-31 19:17:38.932] [exthost] [warning] [Decorations] CAPPING events from decorations provider vscode.git 1243
[2022-01-31 19:17:44.013] [exthost] [warning] [Decorations] CAPPING events from decorations provider vscode.git 1243
[2022-01-31 19:17:49.095] [exthost] [warning] [Decorations] CAPPING events from decorations provider vscode.git 1243
[2022-01-31 19:17:54.191] [exthost] [warning] [Decorations] CAPPING events from decorations provider vscode.git 1243
[2022-01-31 19:17:59.278] [exthost] [warning] [Decorations] CAPPING events from decorations provider vscode.git 1243
[2022-01-31 19:18:04.399] [exthost] [warning] [Decorations] CAPPING events from decorations provider vscode.git 1243
[2022-01-31 19:18:09.484] [exthost] [warning] [Decorations] CAPPING events from decorations provider vscode.git 1243
[2022-01-31 19:18:14.593] [exthost] [warning] [Decorations] CAPPING events from decorations provider vscode.git 1243
[2022-01-31 19:18:19.682] [exthost] [warning] [Decorations] CAPPING events from decorations provider vscode.git 1243
[2022-01-31 19:18:24.821] [exthost] [warning] [Decorations] CAPPING events from decorations provider vscode.git 1243
[2022-01-31 19:18:29.950] [exthost] [warning] [Decorations] CAPPING events from decorations provider vscode.git 1243
[2022-01-31 19:18:35.038] [exthost] [warning] [Decorations] CAPPING events from decorations provider vscode.git 1243
[2022-01-31 19:18:40.118] [exthost] [warning] [Decorations] CAPPING events from decorations provider vscode.git 1243
[2022-01-31 19:18:45.201] [exthost] [warning] [Decorations] CAPPING events from decorations provider vscode.git 1243
[2022-01-31 19:18:50.295] [exthost] [warning] [Decorations] CAPPING events from decorations provider vscode.git 1243
[2022-01-31 19:18:55.399] [exthost] [warning] [Decorations] CAPPING events from decorations provider vscode.git 1243
[2022-01-31 19:19:00.502] [exthost] [warning] [Decorations] CAPPING events from decorations provider vscode.git 1243
[2022-01-31 19:19:05.607] [exthost] [warning] [Decorations] CAPPING events from decorations provider vscode.git 1243
[2022-01-31 19:19:10.684] [exthost] [warning] [Decorations] CAPPING events from decorations provider vscode.git 1243
[2022-01-31 19:19:15.764] [exthost] [warning] [Decorations] CAPPING events from decorations provider vscode.git 1243
[2022-01-31 19:19:20.860] [exthost] [warning] [Decorations] CAPPING events from decorations provider vscode.git 1243
[2022-01-31 19:19:25.943] [exthost] [warning] [Decorations] CAPPING events from decorations provider vscode.git 1243
[2022-01-31 19:19:31.036] [exthost] [warning] [Decorations] CAPPING events from decorations provider vscode.git 1243
[2022-01-31 19:19:36.124] [exthost] [warning] [Decorations] CAPPING events from decorations provider vscode.git 1243
[2022-01-31 19:19:41.215] [exthost] [warning] [Decorations] CAPPING events from decorations provider vscode.git 1243
[2022-01-31 19:19:46.300] [exthost] [warning] [Decorations] CAPPING events from decorations provider vscode.git 1243
[2022-01-31 19:19:51.400] [exthost] [warning] [Decorations] CAPPING events from decorations provider vscode.git 1243
[2022-01-31 19:19:56.518] [exthost] [warning] [Decorations] CAPPING events from decorations provider vscode.git 1243
[2022-01-31 20:03:27.370] [exthost] [warning] [Decorations] CAPPING events from decorations provider vscode.git 1243
[2022-01-31 20:03:32.494] [exthost] [warning] [Decorations] CAPPING events from decorations provider vscode.git 1243
[2022-01-31 20:03:38.429] [exthost] [warning] [Decorations] CAPPING events from decorations provider vscode.git 1243
[2022-01-31 20:03:43.531] [exthost] [warning] [Decorations] CAPPING events from decorations provider vscode.git 1243
[2022-01-31 20:03:48.606] [exthost] [warning] [Decorations] CAPPING events from decorations provider vscode.git 1243
[2022-01-31 20:03:55.806] [exthost] [warning] [Decorations] CAPPING events from decorations provider vscode.git 1243
[2022-01-31 20:04:00.921] [exthost] [warning] [Decorations] CAPPING events from decorations provider vscode.git 1243
[2022-01-31 20:04:06.005] [exthost] [warning] [Decorations] CAPPING events from decorations provider vscode.git 1243
[2022-01-31 20:04:25.182] [exthost] [warning] [Decorations] CAPPING events from decorations provider vscode.git 1243
[2022-01-31 20:04:30.277] [exthost] [warning] [Decorations] CAPPING events from decorations provider vscode.git 1243
[2022-01-31 20:04:55.019] [exthost] [warning] [Decorations] CAPPING events from decorations provider vscode.git 1243
[2022-01-31 20:05:00.113] [exthost] [warning] [Decorations] CAPPING events from decorations provider vscode.git 1243
[2022-01-31 20:05:13.348] [exthost] [warning] [Decorations] CAPPING events from decorations provider vscode.git 1243
[2022-01-31 20:05:18.438] [exthost] [warning] [Decorations] CAPPING events from decorations provider vscode.git 1243
[2022-01-31 20:05:23.532] [exthost] [warning] [Decorations] CAPPING events from decorations provider vscode.git 1243
[2022-01-31 20:05:28.616] [exthost] [warning] [Decorations] CAPPING events from decorations provider vscode.git 1243
[2022-01-31 20:05:33.711] [exthost] [warning] [Decorations] CAPPING events from decorations provider vscode.git 1243
[2022-01-31 20:05:38.809] [exthost] [warning] [Decorations] CAPPING events from decorations provider vscode.git 1243
[2022-01-31 20:05:43.896] [exthost] [warning] [Decorations] CAPPING events from decorations provider vscode.git 1243
[2022-01-31 20:05:48.983] [exthost] [warning] [Decorations] CAPPING events from decorations provider vscode.git 1243
[2022-01-31 20:05:54.075] [exthost] [warning] [Decorations] CAPPING events from decorations provider vscode.git 1243
[2022-01-31 20:05:59.170] [exthost] [warning] [Decorations] CAPPING events from decorations provider vscode.git 1243
[2022-01-31 20:06:04.267] [exthost] [warning] [Decorations] CAPPING events from decorations provider vscode.git 1243
[2022-01-31 20:06:09.383] [exthost] [warning] [Decorations] CAPPING events from decorations provider vscode.git 1243
[2022-01-31 20:06:14.460] [exthost] [warning] [Decorations] CAPPING events from decorations provider vscode.git 1243
[2022-01-31 20:06:19.553] [exthost] [warning] [Decorations] CAPPING events from decorations provider vscode.git 1243
[2022-01-31 20:06:24.637] [exthost] [warning] [Decorations] CAPPING events from decorations provider vscode.git 1243
[2022-01-31 20:06:37.146] [exthost] [warning] [Decorations] CAPPING events from decorations provider vscode.git 1243
[2022-01-31 20:06:54.682] [exthost] [warning] [Decorations] CAPPING events from decorations provider vscode.git 1243
[2022-01-31 20:06:59.771] [exthost] [warning] [Decorations] CAPPING events from decorations provider vscode.git 1243
[2022-01-31 20:07:29.262] [exthost] [warning] [Decorations] CAPPING events from decorations provider vscode.git 1243
[2022-01-31 20:41:53.128] [exthost] [warning] [Decorations] CAPPING events from decorations provider vscode.git 1243
[2022-01-31 20:41:58.254] [exthost] [warning] [Decorations] CAPPING events from decorations provider vscode.git 1243
[2022-01-31 20:42:04.439] [exthost] [warning] [Decorations] CAPPING events from decorations provider vscode.git 1243
[2022-01-31 20:42:12.052] [exthost] [warning] [Decorations] CAPPING events from decorations provider vscode.git 1243
[2022-01-31 20:42:17.225] [exthost] [warning] [Decorations] CAPPING events from decorations provider vscode.git 1243
[2022-01-31 20:42:22.353] [exthost] [warning] [Decorations] CAPPING events from decorations provider vscode.git 1243
[2022-01-31 20:42:50.972] [exthost] [warning] [Decorations] CAPPING events from decorations provider vscode.git 1243
[2022-01-31 20:43:26.266] [exthost] [warning] [Decorations] CAPPING events from decorations provider vscode.git 1243
[2022-01-31 20:51:09.666] [exthost] [warning] [Decorations] CAPPING events from decorations provider vscode.git 1243
[2022-01-31 20:51:14.781] [exthost] [warning] [Decorations] CAPPING events from decorations provider vscode.git 1243
[2022-01-31 20:51:19.911] [exthost] [warning] [Decorations] CAPPING events from decorations provider vscode.git 1243
[2022-01-31 20:51:24.998] [exthost] [warning] [Decorations] CAPPING events from decorations provider vscode.git 1243
[2022-01-31 20:51:30.412] [exthost] [warning] [Decorations] CAPPING events from decorations provider vscode.git 1243
[2022-01-31 20:51:35.521] [exthost] [warning] [Decorations] CAPPING events from decorations provider vscode.git 1243
[2022-01-31 20:51:40.613] [exthost] [warning] [Decorations] CAPPING events from decorations provider vscode.git 1243
[2022-01-31 20:51:45.698] [exthost] [warning] [Decorations] CAPPING events from decorations provider vscode.git 1243
[2022-01-31 20:51:50.798] [exthost] [warning] [Decorations] CAPPING events from decorations provider vscode.git 1243
[2022-01-31 20:52:02.935] [exthost] [warning] [Decorations] CAPPING events from decorations provider vscode.git 1243
[2022-01-31 20:52:08.075] [exthost] [warning] [Decorations] CAPPING events from decorations provider vscode.git 1243
[2022-01-31 20:52:49.366] [exthost] [warning] [Decorations] CAPPING events from decorations provider vscode.git 1243
[2022-01-31 20:52:54.492] [exthost] [warning] [Decorations] CAPPING events from decorations provider vscode.git 1243
[2022-01-31 20:52:59.602] [exthost] [warning] [Decorations] CAPPING events from decorations provider vscode.git 1243
[2022-01-31 20:53:04.723] [exthost] [warning] [Decorations] CAPPING events from decorations provider vscode.git 1243
[2022-01-31 20:53:12.293] [exthost] [warning] [Decorations] CAPPING events from decorations provider vscode.git 1243
[2022-01-31 20:53:17.442] [exthost] [warning] [Decorations] CAPPING events from decorations provider vscode.git 1243
[2022-01-31 20:53:33.112] [exthost] [warning] [Decorations] CAPPING events from decorations provider vscode.git 1243
[2022-01-31 20:53:38.303] [exthost] [warning] [Decorations] CAPPING events from decorations provider vscode.git 1243
[2022-01-31 20:53:43.424] [exthost] [warning] [Decorations] CAPPING events from decorations provider vscode.git 1243
[2022-01-31 20:53:48.528] [exthost] [warning] [Decorations] CAPPING events from decorations provider vscode.git 1243
[2022-01-31 20:53:53.623] [exthost] [warning] [Decorations] CAPPING events from decorations provider vscode.git 1243
[2022-01-31 20:53:58.717] [exthost] [warning] [Decorations] CAPPING events from decorations provider vscode.git 1243
[2022-01-31 20:54:03.812] [exthost] [warning] [Decorations] CAPPING events from decorations provider vscode.git 1243
[2022-01-31 20:54:08.914] [exthost] [warning] [Decorations] CAPPING events from decorations provider vscode.git 1243
[2022-01-31 20:54:14.051] [exthost] [warning] [Decorations] CAPPING events from decorations provider vscode.git 1243
[2022-01-31 20:54:19.170] [exthost] [warning] [Decorations] CAPPING events from decorations provider vscode.git 1243
[2022-01-31 20:54:24.307] [exthost] [warning] [Decorations] CAPPING events from decorations provider vscode.git 1243
[2022-01-31 20:54:29.412] [exthost] [warning] [Decorations] CAPPING events from decorations provider vscode.git 1243
[2022-01-31 20:54:34.519] [exthost] [warning] [Decorations] CAPPING events from decorations provider vscode.git 1243
[2022-01-31 20:54:39.624] [exthost] [warning] [Decorations] CAPPING events from decorations provider vscode.git 1243
[2022-01-31 20:54:44.761] [exthost] [warning] [Decorations] CAPPING events from decorations provider vscode.git 1243
[2022-01-31 20:54:49.871] [exthost] [warning] [Decorations] CAPPING events from decorations provider vscode.git 1243
[2022-01-31 20:54:54.981] [exthost] [warning] [Decorations] CAPPING events from decorations provider vscode.git 1243
[2022-01-31 20:55:00.066] [exthost] [warning] [Decorations] CAPPING events from decorations provider vscode.git 1243
[2022-01-31 20:55:05.159] [exthost] [warning] [Decorations] CAPPING events from decorations provider vscode.git 1243
[2022-02-01 04:18:45.476] [exthost] [warning] [Decorations] CAPPING events from decorations provider vscode.git 1243
[2022-02-01 04:18:50.640] [exthost] [warning] [Decorations] CAPPING events from decorations provider vscode.git 1243
[2022-02-01 04:18:55.838] [exthost] [warning] [Decorations] CAPPING events from decorations provider vscode.git 1243
[2022-02-01 04:21:29.599] [exthost] [warning] [Decorations] CAPPING events from decorations provider vscode.git 1243
[2022-02-01 04:21:34.752] [exthost] [warning] [Decorations] CAPPING events from decorations provider vscode.git 1243
[2022-02-01 04:21:39.950] [exthost] [warning] [Decorations] CAPPING events from decorations provider vscode.git 1243
[2022-02-01 04:21:45.188] [exthost] [warning] [Decorations] CAPPING events from decorations provider vscode.git 1243
[2022-02-01 04:21:50.325] [exthost] [warning] [Decorations] CAPPING events from decorations provider vscode.git 1243
[2022-02-01 04:21:55.446] [exthost] [warning] [Decorations] CAPPING events from decorations provider vscode.git 1243
[2022-02-01 04:22:00.602] [exthost] [warning] [Decorations] CAPPING events from decorations provider vscode.git 1243
[2022-02-01 04:22:05.703] [exthost] [warning] [Decorations] CAPPING events from decorations provider vscode.git 1243
[2022-02-01 04:22:10.830] [exthost] [warning] [Decorations] CAPPING events from decorations provider vscode.git 1243
[2022-02-01 04:22:15.930] [exthost] [warning] [Decorations] CAPPING events from decorations provider vscode.git 1243
[2022-02-01 04:22:21.079] [exthost] [warning] [Decorations] CAPPING events from decorations provider vscode.git 1243
[2022-02-01 04:22:26.199] [exthost] [warning] [Decorations] CAPPING events from decorations provider vscode.git 1243
[2022-02-01 04:22:31.521] [exthost] [warning] [Decorations] CAPPING events from decorations provider vscode.git 1243
[2022-02-01 04:22:36.762] [exthost] [warning] [Decorations] CAPPING events from decorations provider vscode.git 1243
[2022-02-01 04:22:41.896] [exthost] [warning] [Decorations] CAPPING events from decorations provider vscode.git 1243
[2022-02-01 04:22:47.050] [exthost] [warning] [Decorations] CAPPING events from decorations provider vscode.git 1243
[2022-02-01 04:22:52.251] [exthost] [warning] [Decorations] CAPPING events from decorations provider vscode.git 1243
[2022-02-01 04:22:57.345] [exthost] [warning] [Decorations] CAPPING events from decorations provider vscode.git 1243
[2022-02-01 04:23:02.473] [exthost] [warning] [Decorations] CAPPING events from decorations provider vscode.git 1243
[2022-02-01 04:23:07.588] [exthost] [warning] [Decorations] CAPPING events from decorations provider vscode.git 1243
[2022-02-01 04:23:12.735] [exthost] [warning] [Decorations] CAPPING events from decorations provider vscode.git 1243
[2022-02-01 04:23:17.879] [exthost] [warning] [Decorations] CAPPING events from decorations provider vscode.git 1243
[2022-02-01 04:23:23.065] [exthost] [warning] [Decorations] CAPPING events from decorations provider vscode.git 1243
[2022-02-01 04:23:28.232] [exthost] [warning] [Decorations] CAPPING events from decorations provider vscode.git 1243
[2022-02-01 04:23:33.342] [exthost] [warning] [Decorations] CAPPING events from decorations provider vscode.git 1243
[2022-02-01 04:23:38.473] [exthost] [warning] [Decorations] CAPPING events from decorations provider vscode.git 1243
[2022-02-01 04:23:43.577] [exthost] [warning] [Decorations] CAPPING events from decorations provider vscode.git 1243
[2022-02-01 04:23:48.781] [exthost] [warning] [Decorations] CAPPING events from decorations provider vscode.git 1243
[2022-02-01 04:23:53.952] [exthost] [warning] [Decorations] CAPPING events from decorations provider vscode.git 1243
[2022-02-01 04:23:59.295] [exthost] [warning] [Decorations] CAPPING events from decorations provider vscode.git 1243
[2022-02-01 04:24:04.640] [exthost] [warning] [Decorations] CAPPING events from decorations provider vscode.git 1243
[2022-02-01 04:24:52.077] [exthost] [warning] [Decorations] CAPPING events from decorations provider vscode.git 1243
[2022-02-01 04:24:57.412] [exthost] [warning] [Decorations] CAPPING events from decorations provider vscode.git 1243
[2022-02-01 04:25:02.547] [exthost] [warning] [Decorations] CAPPING events from decorations provider vscode.git 1243
[2022-02-01 04:25:07.687] [exthost] [warning] [Decorations] CAPPING events from decorations provider vscode.git 1243
[2022-02-01 04:25:23.198] [exthost] [warning] [Decorations] CAPPING events from decorations provider vscode.git 1243
[2022-02-01 04:25:28.303] [exthost] [warning] [Decorations] CAPPING events from decorations provider vscode.git 1243
[2022-02-01 04:25:33.416] [exthost] [warning] [Decorations] CAPPING events from decorations provider vscode.git 1243
[2022-02-01 04:25:38.695] [exthost] [warning] [Decorations] CAPPING events from decorations provider vscode.git 1243
[2022-02-01 04:25:43.878] [exthost] [warning] [Decorations] CAPPING events from decorations provider vscode.git 1243
[2022-02-01 04:25:48.971] [exthost] [warning] [Decorations] CAPPING events from decorations provider vscode.git 1243
[2022-02-01 04:25:54.099] [exthost] [warning] [Decorations] CAPPING events from decorations provider vscode.git 1243
[2022-02-01 04:25:59.246] [exthost] [warning] [Decorations] CAPPING events from decorations provider vscode.git 1243
[2022-02-01 04:26:04.388] [exthost] [warning] [Decorations] CAPPING events from decorations provider vscode.git 1243
[2022-02-01 04:26:09.545] [exthost] [warning] [Decorations] CAPPING events from decorations provider vscode.git 1243
[2022-02-01 04:26:15.258] [exthost] [warning] [Decorations] CAPPING events from decorations provider vscode.git 1243
[2022-02-01 04:26:20.397] [exthost] [warning] [Decorations] CAPPING events from decorations provider vscode.git 1243
[2022-02-01 04:26:25.538] [exthost] [warning] [Decorations] CAPPING events from decorations provider vscode.git 1243
[2022-02-01 04:26:30.678] [exthost] [warning] [Decorations] CAPPING events from decorations provider vscode.git 1243
[2022-02-01 04:26:35.838] [exthost] [warning] [Decorations] CAPPING events from decorations provider vscode.git 1243
[2022-02-01 04:26:44.754] [exthost] [warning] [Decorations] CAPPING events from decorations provider vscode.git 1243
[2022-02-01 04:26:49.893] [exthost] [warning] [Decorations] CAPPING events from decorations provider vscode.git 1243
[2022-02-01 04:26:54.985] [exthost] [warning] [Decorations] CAPPING events from decorations provider vscode.git 1243
[2022-02-01 04:27:00.195] [exthost] [warning] [Decorations] CAPPING events from decorations provider vscode.git 1243
[2022-02-01 04:27:05.284] [exthost] [warning] [Decorations] CAPPING events from decorations provider vscode.git 1243
[2022-02-01 04:27:10.410] [exthost] [warning] [Decorations] CAPPING events from decorations provider vscode.git 1243
